Compiling the CXX compiler identification source file "CMakeCXXCompilerId.cpp" failed.
Compiler: /Library/Developer/CommandLineTools/usr/bin/c++ 
Build flags: 
Id flags:  

The output was:
1
ld: library not found for -lc++
clang: error: linker command failed with exit code 1 (use -v to see invocation)


Compiling the C compiler identification source file "CMakeCCompilerId.c" failed.
Compiler: /Library/Developer/CommandLineTools/usr/bin/cc 
Build flags: 
Id flags:  

The output was:
1
ld: library not found for -lSystem
clang: error: linker command failed with exit code 1 (use -v to see invocation)


Compilation failed:
    source file: '/Users/felixjeskoparies/C++/CapstoneProject/CppND-Capstone/opencv/opencv/cmake/checks/cpu_popcnt.cpp'
    check option: ''
===== BUILD LOG =====
Change Dir: /Users/felixjeskoparies/C++/CapstoneProject/CppND-Capstone/opencv/build_opencv/CMakeFiles/CMakeTmp

Run Build Command(s):/usr/bin/make -f Makefile cmTC_8912c/fast && /Library/Developer/CommandLineTools/usr/bin/make  -f CMakeFiles/cmTC_8912c.dir/build.make CMakeFiles/cmTC_8912c.dir/build
Building CXX object CMakeFiles/cmTC_8912c.dir/cpu_popcnt.cpp.o
/Library/Developer/CommandLineTools/usr/bin/c++   -O3 -DNDEBUG -isysroot /Library/Developer/CommandLineTools/SDKs/MacOSX11.0.sdk -fPIE -std=c++11 -MD -MT CMakeFiles/cmTC_8912c.dir/cpu_popcnt.cpp.o -MF CMakeFiles/cmTC_8912c.dir/cpu_popcnt.cpp.o.d -o CMakeFiles/cmTC_8912c.dir/cpu_popcnt.cpp.o -c /Users/felixjeskoparies/C++/CapstoneProject/CppND-Capstone/opencv/opencv/cmake/checks/cpu_popcnt.cpp
/Users/felixjeskoparies/C++/CapstoneProject/CppND-Capstone/opencv/opencv/cmake/checks/cpu_popcnt.cpp:14:4: error: "__POPCNT__ is not defined by compiler"
#  error "__POPCNT__ is not defined by compiler"
   ^
/Users/felixjeskoparies/C++/CapstoneProject/CppND-Capstone/opencv/opencv/cmake/checks/cpu_popcnt.cpp:22:13: error: use of undeclared identifier 'CV_POPCNT_U32'
    int j = CV_POPCNT_U32(1);
            ^
2 errors generated.
make[1]: *** [CMakeFiles/cmTC_8912c.dir/cpu_popcnt.cpp.o] Error 1
make: *** [cmTC_8912c/fast] Error 2


===== END =====

Compilation failed:
    source file: '/Users/felixjeskoparies/C++/CapstoneProject/CppND-Capstone/opencv/opencv/cmake/checks/cpu_sse42.cpp'
    check option: ''
===== BUILD LOG =====
Change Dir: /Users/felixjeskoparies/C++/CapstoneProject/CppND-Capstone/opencv/build_opencv/CMakeFiles/CMakeTmp

Run Build Command(s):/usr/bin/make -f Makefile cmTC_d81db/fast && /Library/Developer/CommandLineTools/usr/bin/make  -f CMakeFiles/cmTC_d81db.dir/build.make CMakeFiles/cmTC_d81db.dir/build
Building CXX object CMakeFiles/cmTC_d81db.dir/cpu_sse42.cpp.o
/Library/Developer/CommandLineTools/usr/bin/c++   -O3 -DNDEBUG -isysroot /Library/Developer/CommandLineTools/SDKs/MacOSX11.0.sdk -fPIE -std=c++11 -MD -MT CMakeFiles/cmTC_d81db.dir/cpu_sse42.cpp.o -MF CMakeFiles/cmTC_d81db.dir/cpu_sse42.cpp.o.d -o CMakeFiles/cmTC_d81db.dir/cpu_sse42.cpp.o -c /Users/felixjeskoparies/C++/CapstoneProject/CppND-Capstone/opencv/opencv/cmake/checks/cpu_sse42.cpp
/Users/felixjeskoparies/C++/CapstoneProject/CppND-Capstone/opencv/opencv/cmake/checks/cpu_sse42.cpp:5:24: error: always_inline function '_mm_crc32_u8' requires target feature 'sse4.2', but would be inlined into function 'main' that is compiled without support for 'sse4.2'
    unsigned int res = _mm_crc32_u8(1, 2);
                       ^
1 error generated.
make[1]: *** [CMakeFiles/cmTC_d81db.dir/cpu_sse42.cpp.o] Error 1
make: *** [cmTC_d81db/fast] Error 2


===== END =====

Compilation failed:
    source file: '/Users/felixjeskoparies/C++/CapstoneProject/CppND-Capstone/opencv/opencv/cmake/checks/cpu_fp16.cpp'
    check option: ''
===== BUILD LOG =====
Change Dir: /Users/felixjeskoparies/C++/CapstoneProject/CppND-Capstone/opencv/build_opencv/CMakeFiles/CMakeTmp

Run Build Command(s):/usr/bin/make -f Makefile cmTC_9fa6a/fast && /Library/Developer/CommandLineTools/usr/bin/make  -f CMakeFiles/cmTC_9fa6a.dir/build.make CMakeFiles/cmTC_9fa6a.dir/build
Building CXX object CMakeFiles/cmTC_9fa6a.dir/cpu_fp16.cpp.o
/Library/Developer/CommandLineTools/usr/bin/c++   -O3 -DNDEBUG -isysroot /Library/Developer/CommandLineTools/SDKs/MacOSX11.0.sdk -fPIE -std=c++11 -MD -MT CMakeFiles/cmTC_9fa6a.dir/cpu_fp16.cpp.o -MF CMakeFiles/cmTC_9fa6a.dir/cpu_fp16.cpp.o.d -o CMakeFiles/cmTC_9fa6a.dir/cpu_fp16.cpp.o -c /Users/felixjeskoparies/C++/CapstoneProject/CppND-Capstone/opencv/opencv/cmake/checks/cpu_fp16.cpp
/Users/felixjeskoparies/C++/CapstoneProject/CppND-Capstone/opencv/opencv/cmake/checks/cpu_fp16.cpp:26:2: error: "FP16 is not supported"
#error "FP16 is not supported"
 ^
/Users/felixjeskoparies/C++/CapstoneProject/CppND-Capstone/opencv/opencv/cmake/checks/cpu_fp16.cpp:31:18: error: use of undeclared identifier 'test'
  printf("%d\n", test());
                 ^
2 errors generated.
make[1]: *** [CMakeFiles/cmTC_9fa6a.dir/cpu_fp16.cpp.o] Error 1
make: *** [cmTC_9fa6a/fast] Error 2


===== END =====

Compilation failed:
    source file: '/Users/felixjeskoparies/C++/CapstoneProject/CppND-Capstone/opencv/opencv/cmake/checks/cpu_avx.cpp'
    check option: ''
===== BUILD LOG =====
Change Dir: /Users/felixjeskoparies/C++/CapstoneProject/CppND-Capstone/opencv/build_opencv/CMakeFiles/CMakeTmp

Run Build Command(s):/usr/bin/make -f Makefile cmTC_c5359/fast && /Library/Developer/CommandLineTools/usr/bin/make  -f CMakeFiles/cmTC_c5359.dir/build.make CMakeFiles/cmTC_c5359.dir/build
Building CXX object CMakeFiles/cmTC_c5359.dir/cpu_avx.cpp.o
/Library/Developer/CommandLineTools/usr/bin/c++   -O3 -DNDEBUG -isysroot /Library/Developer/CommandLineTools/SDKs/MacOSX11.0.sdk -fPIE -std=c++11 -MD -MT CMakeFiles/cmTC_c5359.dir/cpu_avx.cpp.o -MF CMakeFiles/cmTC_c5359.dir/cpu_avx.cpp.o.d -o CMakeFiles/cmTC_c5359.dir/cpu_avx.cpp.o -c /Users/felixjeskoparies/C++/CapstoneProject/CppND-Capstone/opencv/opencv/cmake/checks/cpu_avx.cpp
/Users/felixjeskoparies/C++/CapstoneProject/CppND-Capstone/opencv/opencv/cmake/checks/cpu_avx.cpp:2:2: error: "__AVX__ define is missing"
#error "__AVX__ define is missing"
 ^
1 error generated.
make[1]: *** [CMakeFiles/cmTC_c5359.dir/cpu_avx.cpp.o] Error 1
make: *** [cmTC_c5359/fast] Error 2


===== END =====

Compilation failed:
    source file: '/Users/felixjeskoparies/C++/CapstoneProject/CppND-Capstone/opencv/opencv/cmake/checks/cpu_avx2.cpp'
    check option: ''
===== BUILD LOG =====
Change Dir: /Users/felixjeskoparies/C++/CapstoneProject/CppND-Capstone/opencv/build_opencv/CMakeFiles/CMakeTmp

Run Build Command(s):/usr/bin/make -f Makefile cmTC_62447/fast && /Library/Developer/CommandLineTools/usr/bin/make  -f CMakeFiles/cmTC_62447.dir/build.make CMakeFiles/cmTC_62447.dir/build
Building CXX object CMakeFiles/cmTC_62447.dir/cpu_avx2.cpp.o
/Library/Developer/CommandLineTools/usr/bin/c++   -O3 -DNDEBUG -isysroot /Library/Developer/CommandLineTools/SDKs/MacOSX11.0.sdk -fPIE -std=c++11 -MD -MT CMakeFiles/cmTC_62447.dir/cpu_avx2.cpp.o -MF CMakeFiles/cmTC_62447.dir/cpu_avx2.cpp.o.d -o CMakeFiles/cmTC_62447.dir/cpu_avx2.cpp.o -c /Users/felixjeskoparies/C++/CapstoneProject/CppND-Capstone/opencv/opencv/cmake/checks/cpu_avx2.cpp
/Users/felixjeskoparies/C++/CapstoneProject/CppND-Capstone/opencv/opencv/cmake/checks/cpu_avx2.cpp:2:2: error: "__AVX2__ define is missing"
#error "__AVX2__ define is missing"
 ^
1 error generated.
make[1]: *** [CMakeFiles/cmTC_62447.dir/cpu_avx2.cpp.o] Error 1
make: *** [cmTC_62447/fast] Error 2


===== END =====

Compilation failed:
    source file: '/Users/felixjeskoparies/C++/CapstoneProject/CppND-Capstone/opencv/opencv/cmake/checks/cpu_avx512.cpp'
    check option: ''
===== BUILD LOG =====
Change Dir: /Users/felixjeskoparies/C++/CapstoneProject/CppND-Capstone/opencv/build_opencv/CMakeFiles/CMakeTmp

Run Build Command(s):/usr/bin/make -f Makefile cmTC_17674/fast && /Library/Developer/CommandLineTools/usr/bin/make  -f CMakeFiles/cmTC_17674.dir/build.make CMakeFiles/cmTC_17674.dir/build
Building CXX object CMakeFiles/cmTC_17674.dir/cpu_avx512.cpp.o
/Library/Developer/CommandLineTools/usr/bin/c++   -O3 -DNDEBUG -isysroot /Library/Developer/CommandLineTools/SDKs/MacOSX11.0.sdk -fPIE -std=c++11 -MD -MT CMakeFiles/cmTC_17674.dir/cpu_avx512.cpp.o -MF CMakeFiles/cmTC_17674.dir/cpu_avx512.cpp.o.d -o CMakeFiles/cmTC_17674.dir/cpu_avx512.cpp.o -c /Users/felixjeskoparies/C++/CapstoneProject/CppND-Capstone/opencv/opencv/cmake/checks/cpu_avx512.cpp
/Users/felixjeskoparies/C++/CapstoneProject/CppND-Capstone/opencv/opencv/cmake/checks/cpu_avx512.cpp:11:2: error: "AVX512 is not supported"
#error "AVX512 is not supported"
 ^
1 error generated.
make[1]: *** [CMakeFiles/cmTC_17674.dir/cpu_avx512.cpp.o] Error 1
make: *** [cmTC_17674/fast] Error 2


===== END =====

Compilation failed:
    source file: '/Users/felixjeskoparies/C++/CapstoneProject/CppND-Capstone/opencv/opencv/cmake/checks/cpu_avx512common.cpp'
    check option: ''
===== BUILD LOG =====
Change Dir: /Users/felixjeskoparies/C++/CapstoneProject/CppND-Capstone/opencv/build_opencv/CMakeFiles/CMakeTmp

Run Build Command(s):/usr/bin/make -f Makefile cmTC_7b7b9/fast && /Library/Developer/CommandLineTools/usr/bin/make  -f CMakeFiles/cmTC_7b7b9.dir/build.make CMakeFiles/cmTC_7b7b9.dir/build
Building CXX object CMakeFiles/cmTC_7b7b9.dir/cpu_avx512common.cpp.o
/Library/Developer/CommandLineTools/usr/bin/c++   -O3 -DNDEBUG -isysroot /Library/Developer/CommandLineTools/SDKs/MacOSX11.0.sdk -fPIE -std=c++11 -MD -MT CMakeFiles/cmTC_7b7b9.dir/cpu_avx512common.cpp.o -MF CMakeFiles/cmTC_7b7b9.dir/cpu_avx512common.cpp.o.d -o CMakeFiles/cmTC_7b7b9.dir/cpu_avx512common.cpp.o -c /Users/felixjeskoparies/C++/CapstoneProject/CppND-Capstone/opencv/opencv/cmake/checks/cpu_avx512common.cpp
/Users/felixjeskoparies/C++/CapstoneProject/CppND-Capstone/opencv/opencv/cmake/checks/cpu_avx512common.cpp:12:2: error: "AVX512-COMMON is not supported"
#error "AVX512-COMMON is not supported"
 ^
1 error generated.
make[1]: *** [CMakeFiles/cmTC_7b7b9.dir/cpu_avx512common.cpp.o] Error 1
make: *** [cmTC_7b7b9/fast] Error 2


===== END =====

Compilation failed:
    source file: '/Users/felixjeskoparies/C++/CapstoneProject/CppND-Capstone/opencv/opencv/cmake/checks/cpu_avx512knl.cpp'
    check option: ''
===== BUILD LOG =====
Change Dir: /Users/felixjeskoparies/C++/CapstoneProject/CppND-Capstone/opencv/build_opencv/CMakeFiles/CMakeTmp

Run Build Command(s):/usr/bin/make -f Makefile cmTC_54c35/fast && /Library/Developer/CommandLineTools/usr/bin/make  -f CMakeFiles/cmTC_54c35.dir/build.make CMakeFiles/cmTC_54c35.dir/build
Building CXX object CMakeFiles/cmTC_54c35.dir/cpu_avx512knl.cpp.o
/Library/Developer/CommandLineTools/usr/bin/c++   -O3 -DNDEBUG -isysroot /Library/Developer/CommandLineTools/SDKs/MacOSX11.0.sdk -fPIE -std=c++11 -MD -MT CMakeFiles/cmTC_54c35.dir/cpu_avx512knl.cpp.o -MF CMakeFiles/cmTC_54c35.dir/cpu_avx512knl.cpp.o.d -o CMakeFiles/cmTC_54c35.dir/cpu_avx512knl.cpp.o -c /Users/felixjeskoparies/C++/CapstoneProject/CppND-Capstone/opencv/opencv/cmake/checks/cpu_avx512knl.cpp
/Users/felixjeskoparies/C++/CapstoneProject/CppND-Capstone/opencv/opencv/cmake/checks/cpu_avx512knl.cpp:14:2: error: "AVX512-KNL is not supported"
#error "AVX512-KNL is not supported"
 ^
1 error generated.
make[1]: *** [CMakeFiles/cmTC_54c35.dir/cpu_avx512knl.cpp.o] Error 1
make: *** [cmTC_54c35/fast] Error 2


===== END =====

Compilation failed:
    source file: '/Users/felixjeskoparies/C++/CapstoneProject/CppND-Capstone/opencv/opencv/cmake/checks/cpu_avx512knm.cpp'
    check option: ''
===== BUILD LOG =====
Change Dir: /Users/felixjeskoparies/C++/CapstoneProject/CppND-Capstone/opencv/build_opencv/CMakeFiles/CMakeTmp

Run Build Command(s):/usr/bin/make -f Makefile cmTC_6111c/fast && /Library/Developer/CommandLineTools/usr/bin/make  -f CMakeFiles/cmTC_6111c.dir/build.make CMakeFiles/cmTC_6111c.dir/build
Building CXX object CMakeFiles/cmTC_6111c.dir/cpu_avx512knm.cpp.o
/Library/Developer/CommandLineTools/usr/bin/c++   -O3 -DNDEBUG -isysroot /Library/Developer/CommandLineTools/SDKs/MacOSX11.0.sdk -fPIE -std=c++11 -MD -MT CMakeFiles/cmTC_6111c.dir/cpu_avx512knm.cpp.o -MF CMakeFiles/cmTC_6111c.dir/cpu_avx512knm.cpp.o.d -o CMakeFiles/cmTC_6111c.dir/cpu_avx512knm.cpp.o -c /Users/felixjeskoparies/C++/CapstoneProject/CppND-Capstone/opencv/opencv/cmake/checks/cpu_avx512knm.cpp
/Users/felixjeskoparies/C++/CapstoneProject/CppND-Capstone/opencv/opencv/cmake/checks/cpu_avx512knm.cpp:15:2: error: "AVX512-KNM is not supported"
#error "AVX512-KNM is not supported"
 ^
1 error generated.
make[1]: *** [CMakeFiles/cmTC_6111c.dir/cpu_avx512knm.cpp.o] Error 1
make: *** [cmTC_6111c/fast] Error 2


===== END =====

Compilation failed:
    source file: '/Users/felixjeskoparies/C++/CapstoneProject/CppND-Capstone/opencv/opencv/cmake/checks/cpu_avx512knm.cpp'
    check option: ' -mavx512f -mavx512cd -mavx512er -mavx512pf -mavx5124fmaps -mavx5124vnniw -mavx512vpopcntdq'
===== BUILD LOG =====
Change Dir: /Users/felixjeskoparies/C++/CapstoneProject/CppND-Capstone/opencv/build_opencv/CMakeFiles/CMakeTmp

Run Build Command(s):/usr/bin/make -f Makefile cmTC_b3aef/fast && /Library/Developer/CommandLineTools/usr/bin/make  -f CMakeFiles/cmTC_b3aef.dir/build.make CMakeFiles/cmTC_b3aef.dir/build
Building CXX object CMakeFiles/cmTC_b3aef.dir/cpu_avx512knm.cpp.o
/Library/Developer/CommandLineTools/usr/bin/c++   -O3 -DNDEBUG -isysroot /Library/Developer/CommandLineTools/SDKs/MacOSX11.0.sdk -fPIE    -mavx512f -mavx512cd -mavx512er -mavx512pf -mavx5124fmaps -mavx5124vnniw -mavx512vpopcntdq -std=c++11 -MD -MT CMakeFiles/cmTC_b3aef.dir/cpu_avx512knm.cpp.o -MF CMakeFiles/cmTC_b3aef.dir/cpu_avx512knm.cpp.o.d -o CMakeFiles/cmTC_b3aef.dir/cpu_avx512knm.cpp.o -c /Users/felixjeskoparies/C++/CapstoneProject/CppND-Capstone/opencv/opencv/cmake/checks/cpu_avx512knm.cpp
clang: error: unknown argument: '-mavx5124fmaps'
clang: error: unknown argument: '-mavx5124vnniw'
make[1]: *** [CMakeFiles/cmTC_b3aef.dir/cpu_avx512knm.cpp.o] Error 1
make: *** [cmTC_b3aef/fast] Error 2


===== END =====

Compilation failed:
    source file: '/Users/felixjeskoparies/C++/CapstoneProject/CppND-Capstone/opencv/opencv/cmake/checks/cpu_avx512skx.cpp'
    check option: ''
===== BUILD LOG =====
Change Dir: /Users/felixjeskoparies/C++/CapstoneProject/CppND-Capstone/opencv/build_opencv/CMakeFiles/CMakeTmp

Run Build Command(s):/usr/bin/make -f Makefile cmTC_4e448/fast && /Library/Developer/CommandLineTools/usr/bin/make  -f CMakeFiles/cmTC_4e448.dir/build.make CMakeFiles/cmTC_4e448.dir/build
Building CXX object CMakeFiles/cmTC_4e448.dir/cpu_avx512skx.cpp.o
/Library/Developer/CommandLineTools/usr/bin/c++   -O3 -DNDEBUG -isysroot /Library/Developer/CommandLineTools/SDKs/MacOSX11.0.sdk -fPIE -std=c++11 -MD -MT CMakeFiles/cmTC_4e448.dir/cpu_avx512skx.cpp.o -MF CMakeFiles/cmTC_4e448.dir/cpu_avx512skx.cpp.o.d -o CMakeFiles/cmTC_4e448.dir/cpu_avx512skx.cpp.o -c /Users/felixjeskoparies/C++/CapstoneProject/CppND-Capstone/opencv/opencv/cmake/checks/cpu_avx512skx.cpp
/Users/felixjeskoparies/C++/CapstoneProject/CppND-Capstone/opencv/opencv/cmake/checks/cpu_avx512skx.cpp:30:2: error: "AVX512-SKX is not supported"
#error "AVX512-SKX is not supported"
 ^
1 error generated.
make[1]: *** [CMakeFiles/cmTC_4e448.dir/cpu_avx512skx.cpp.o] Error 1
make: *** [cmTC_4e448/fast] Error 2


===== END =====

Compilation failed:
    source file: '/Users/felixjeskoparies/C++/CapstoneProject/CppND-Capstone/opencv/opencv/cmake/checks/cpu_avx512cnl.cpp'
    check option: ''
===== BUILD LOG =====
Change Dir: /Users/felixjeskoparies/C++/CapstoneProject/CppND-Capstone/opencv/build_opencv/CMakeFiles/CMakeTmp

Run Build Command(s):/usr/bin/make -f Makefile cmTC_97e7d/fast && /Library/Developer/CommandLineTools/usr/bin/make  -f CMakeFiles/cmTC_97e7d.dir/build.make CMakeFiles/cmTC_97e7d.dir/build
Building CXX object CMakeFiles/cmTC_97e7d.dir/cpu_avx512cnl.cpp.o
/Library/Developer/CommandLineTools/usr/bin/c++   -O3 -DNDEBUG -isysroot /Library/Developer/CommandLineTools/SDKs/MacOSX11.0.sdk -fPIE -std=c++11 -MD -MT CMakeFiles/cmTC_97e7d.dir/cpu_avx512cnl.cpp.o -MF CMakeFiles/cmTC_97e7d.dir/cpu_avx512cnl.cpp.o.d -o CMakeFiles/cmTC_97e7d.dir/cpu_avx512cnl.cpp.o -c /Users/felixjeskoparies/C++/CapstoneProject/CppND-Capstone/opencv/opencv/cmake/checks/cpu_avx512cnl.cpp
/Users/felixjeskoparies/C++/CapstoneProject/CppND-Capstone/opencv/opencv/cmake/checks/cpu_avx512cnl.cpp:10:2: error: "AVX512-CNL is not supported"
#error "AVX512-CNL is not supported"
 ^
1 error generated.
make[1]: *** [CMakeFiles/cmTC_97e7d.dir/cpu_avx512cnl.cpp.o] Error 1
make: *** [cmTC_97e7d/fast] Error 2


===== END =====

Compilation failed:
    source file: '/Users/felixjeskoparies/C++/CapstoneProject/CppND-Capstone/opencv/opencv/cmake/checks/cpu_avx512clx.cpp'
    check option: ''
===== BUILD LOG =====
Change Dir: /Users/felixjeskoparies/C++/CapstoneProject/CppND-Capstone/opencv/build_opencv/CMakeFiles/CMakeTmp

Run Build Command(s):/usr/bin/make -f Makefile cmTC_d503e/fast && /Library/Developer/CommandLineTools/usr/bin/make  -f CMakeFiles/cmTC_d503e.dir/build.make CMakeFiles/cmTC_d503e.dir/build
Building CXX object CMakeFiles/cmTC_d503e.dir/cpu_avx512clx.cpp.o
/Library/Developer/CommandLineTools/usr/bin/c++   -O3 -DNDEBUG -isysroot /Library/Developer/CommandLineTools/SDKs/MacOSX11.0.sdk -fPIE -std=c++11 -MD -MT CMakeFiles/cmTC_d503e.dir/cpu_avx512clx.cpp.o -MF CMakeFiles/cmTC_d503e.dir/cpu_avx512clx.cpp.o.d -o CMakeFiles/cmTC_d503e.dir/cpu_avx512clx.cpp.o -c /Users/felixjeskoparies/C++/CapstoneProject/CppND-Capstone/opencv/opencv/cmake/checks/cpu_avx512clx.cpp
/Users/felixjeskoparies/C++/CapstoneProject/CppND-Capstone/opencv/opencv/cmake/checks/cpu_avx512clx.cpp:9:2: error: "AVX512-CLX is not supported"
#error "AVX512-CLX is not supported"
 ^
1 error generated.
make[1]: *** [CMakeFiles/cmTC_d503e.dir/cpu_avx512clx.cpp.o] Error 1
make: *** [cmTC_d503e/fast] Error 2


===== END =====

Compilation failed:
    source file: '/Users/felixjeskoparies/C++/CapstoneProject/CppND-Capstone/opencv/opencv/cmake/checks/cpu_avx512icl.cpp'
    check option: ''
===== BUILD LOG =====
Change Dir: /Users/felixjeskoparies/C++/CapstoneProject/CppND-Capstone/opencv/build_opencv/CMakeFiles/CMakeTmp

Run Build Command(s):/usr/bin/make -f Makefile cmTC_977e8/fast && /Library/Developer/CommandLineTools/usr/bin/make  -f CMakeFiles/cmTC_977e8.dir/build.make CMakeFiles/cmTC_977e8.dir/build
Building CXX object CMakeFiles/cmTC_977e8.dir/cpu_avx512icl.cpp.o
/Library/Developer/CommandLineTools/usr/bin/c++   -O3 -DNDEBUG -isysroot /Library/Developer/CommandLineTools/SDKs/MacOSX11.0.sdk -fPIE -std=c++11 -MD -MT CMakeFiles/cmTC_977e8.dir/cpu_avx512icl.cpp.o -MF CMakeFiles/cmTC_977e8.dir/cpu_avx512icl.cpp.o.d -o CMakeFiles/cmTC_977e8.dir/cpu_avx512icl.cpp.o -c /Users/felixjeskoparies/C++/CapstoneProject/CppND-Capstone/opencv/opencv/cmake/checks/cpu_avx512icl.cpp
/Users/felixjeskoparies/C++/CapstoneProject/CppND-Capstone/opencv/opencv/cmake/checks/cpu_avx512icl.cpp:12:2: error: "AVX512-ICL is not supported"
#error "AVX512-ICL is not supported"
 ^
1 error generated.
make[1]: *** [CMakeFiles/cmTC_977e8.dir/cpu_avx512icl.cpp.o] Error 1
make: *** [cmTC_977e8/fast] Error 2


===== END =====

Compilation failed:
    source file: '/Users/felixjeskoparies/C++/CapstoneProject/CppND-Capstone/opencv/build_opencv/CMakeFiles/CMakeTmp/src.cxx'
    check option: ''
===== BUILD LOG =====
Change Dir: /Users/felixjeskoparies/C++/CapstoneProject/CppND-Capstone/opencv/build_opencv/CMakeFiles/CMakeTmp

Run Build Command(s):/usr/bin/make -f Makefile cmTC_b13e7/fast && /Library/Developer/CommandLineTools/usr/bin/make  -f CMakeFiles/cmTC_b13e7.dir/build.make CMakeFiles/cmTC_b13e7.dir/build
Building CXX object CMakeFiles/cmTC_b13e7.dir/src.cxx.o
/Library/Developer/CommandLineTools/usr/bin/c++   -O3 -DNDEBUG -isysroot /Library/Developer/CommandLineTools/SDKs/MacOSX11.0.sdk -fPIE -std=c++11 -MD -MT CMakeFiles/cmTC_b13e7.dir/src.cxx.o -MF CMakeFiles/cmTC_b13e7.dir/src.cxx.o.d -o CMakeFiles/cmTC_b13e7.dir/src.cxx.o -c /Users/felixjeskoparies/C++/CapstoneProject/CppND-Capstone/opencv/build_opencv/CMakeFiles/CMakeTmp/src.cxx
Linking CXX executable cmTC_b13e7
/Applications/CMake.app/Contents/bin/cmake -E cmake_link_script CMakeFiles/cmTC_b13e7.dir/link.txt --verbose=1
/Library/Developer/CommandLineTools/usr/bin/c++ -O3 -DNDEBUG -isysroot /Library/Developer/CommandLineTools/SDKs/MacOSX11.0.sdk -Wl,-search_paths_first -Wl,-headerpad_max_install_names  -Wl,--as-needed  CMakeFiles/cmTC_b13e7.dir/src.cxx.o -o cmTC_b13e7 
ld: unknown option: --as-needed
clang: error: linker command failed with exit code 1 (use -v to see invocation)
make[1]: *** [cmTC_b13e7] Error 1
make: *** [cmTC_b13e7/fast] Error 2


===== END =====

Determining if the include file malloc.h exists failed with the following output:
Change Dir: /Users/felixjeskoparies/C++/CapstoneProject/CppND-Capstone/opencv/build_opencv/CMakeFiles/CMakeTmp

Run Build Command(s):/usr/bin/make -f Makefile cmTC_331fe/fast && /Library/Developer/CommandLineTools/usr/bin/make  -f CMakeFiles/cmTC_331fe.dir/build.make CMakeFiles/cmTC_331fe.dir/build
Building C object CMakeFiles/cmTC_331fe.dir/CheckIncludeFile.c.o
/Library/Developer/CommandLineTools/usr/bin/cc   -fsigned-char -W -Wall -Werror=return-type -Werror=non-virtual-dtor -Werror=address -Werror=sequence-point -Wformat -Werror=format-security -Wmissing-declarations -Wmissing-prototypes -Wstrict-prototypes -Wundef -Winit-self -Wpointer-arith -Wshadow -Wsign-promo -Wuninitialized -Wno-delete-non-virtual-dtor -Wno-unnamed-type-template-args -Wno-comment -fdiagnostics-show-option -Wno-long-long -Qunused-arguments -Wno-semicolon-before-method-body -ffunction-sections -fdata-sections  -fvisibility=hidden -fvisibility-inlines-hidden  -O3 -DNDEBUG  -DNDEBUG -isysroot /Library/Developer/CommandLineTools/SDKs/MacOSX11.0.sdk -fPIE -MD -MT CMakeFiles/cmTC_331fe.dir/CheckIncludeFile.c.o -MF CMakeFiles/cmTC_331fe.dir/CheckIncludeFile.c.o.d -o CMakeFiles/cmTC_331fe.dir/CheckIncludeFile.c.o -c /Users/felixjeskoparies/C++/CapstoneProject/CppND-Capstone/opencv/build_opencv/CMakeFiles/CMakeTmp/CheckIncludeFile.c
/Users/felixjeskoparies/C++/CapstoneProject/CppND-Capstone/opencv/build_opencv/CMakeFiles/CMakeTmp/CheckIncludeFile.c:1:10: fatal error: 'malloc.h' file not found
#include <malloc.h>
         ^~~~~~~~~~
1 error generated.
make[1]: *** [CMakeFiles/cmTC_331fe.dir/CheckIncludeFile.c.o] Error 1
make: *** [cmTC_331fe/fast] Error 2



Determining size of off64_t failed with the following output:
Change Dir: /Users/felixjeskoparies/C++/CapstoneProject/CppND-Capstone/opencv/build_opencv/CMakeFiles/CMakeTmp

Run Build Command(s):/usr/bin/make -f Makefile cmTC_d64b9/fast && /Library/Developer/CommandLineTools/usr/bin/make  -f CMakeFiles/cmTC_d64b9.dir/build.make CMakeFiles/cmTC_d64b9.dir/build
Building C object CMakeFiles/cmTC_d64b9.dir/OFF64_T.c.o
/Library/Developer/CommandLineTools/usr/bin/cc   -fsigned-char -W -Wall -Werror=return-type -Werror=non-virtual-dtor -Werror=address -Werror=sequence-point -Wformat -Werror=format-security -Wmissing-declarations -Wmissing-prototypes -Wstrict-prototypes -Wundef -Winit-self -Wpointer-arith -Wshadow -Wsign-promo -Wuninitialized -Wno-delete-non-virtual-dtor -Wno-unnamed-type-template-args -Wno-comment -fdiagnostics-show-option -Wno-long-long -Qunused-arguments -Wno-semicolon-before-method-body -ffunction-sections -fdata-sections  -fvisibility=hidden -fvisibility-inlines-hidden  -O3 -DNDEBUG  -DNDEBUG -isysroot /Library/Developer/CommandLineTools/SDKs/MacOSX11.0.sdk -fPIE -MD -MT CMakeFiles/cmTC_d64b9.dir/OFF64_T.c.o -MF CMakeFiles/cmTC_d64b9.dir/OFF64_T.c.o.d -o CMakeFiles/cmTC_d64b9.dir/OFF64_T.c.o -c /Users/felixjeskoparies/C++/CapstoneProject/CppND-Capstone/opencv/build_opencv/CMakeFiles/CheckTypeSize/OFF64_T.c
/Users/felixjeskoparies/C++/CapstoneProject/CppND-Capstone/opencv/build_opencv/CMakeFiles/CheckTypeSize/OFF64_T.c:29:12: error: use of undeclared identifier 'off64_t'
  ('0' + ((SIZE / 10000)%10)),
           ^
/Users/felixjeskoparies/C++/CapstoneProject/CppND-Capstone/opencv/build_opencv/CMakeFiles/CheckTypeSize/OFF64_T.c:27:22: note: expanded from macro 'SIZE'
#define SIZE (sizeof(off64_t))
                     ^
/Users/felixjeskoparies/C++/CapstoneProject/CppND-Capstone/opencv/build_opencv/CMakeFiles/CheckTypeSize/OFF64_T.c:30:12: error: use of undeclared identifier 'off64_t'
  ('0' + ((SIZE / 1000)%10)),
           ^
/Users/felixjeskoparies/C++/CapstoneProject/CppND-Capstone/opencv/build_opencv/CMakeFiles/CheckTypeSize/OFF64_T.c:27:22: note: expanded from macro 'SIZE'
#define SIZE (sizeof(off64_t))
                     ^
/Users/felixjeskoparies/C++/CapstoneProject/CppND-Capstone/opencv/build_opencv/CMakeFiles/CheckTypeSize/OFF64_T.c:31:12: error: use of undeclared identifier 'off64_t'
  ('0' + ((SIZE / 100)%10)),
           ^
/Users/felixjeskoparies/C++/CapstoneProject/CppND-Capstone/opencv/build_opencv/CMakeFiles/CheckTypeSize/OFF64_T.c:27:22: note: expanded from macro 'SIZE'
#define SIZE (sizeof(off64_t))
                     ^
/Users/felixjeskoparies/C++/CapstoneProject/CppND-Capstone/opencv/build_opencv/CMakeFiles/CheckTypeSize/OFF64_T.c:32:12: error: use of undeclared identifier 'off64_t'
  ('0' + ((SIZE / 10)%10)),
           ^
/Users/felixjeskoparies/C++/CapstoneProject/CppND-Capstone/opencv/build_opencv/CMakeFiles/CheckTypeSize/OFF64_T.c:27:22: note: expanded from macro 'SIZE'
#define SIZE (sizeof(off64_t))
                     ^
/Users/felixjeskoparies/C++/CapstoneProject/CppND-Capstone/opencv/build_opencv/CMakeFiles/CheckTypeSize/OFF64_T.c:33:12: error: use of undeclared identifier 'off64_t'
  ('0' +  (SIZE    % 10)),
           ^
/Users/felixjeskoparies/C++/CapstoneProject/CppND-Capstone/opencv/build_opencv/CMakeFiles/CheckTypeSize/OFF64_T.c:27:22: note: expanded from macro 'SIZE'
#define SIZE (sizeof(off64_t))
                     ^
5 errors generated.
make[1]: *** [CMakeFiles/cmTC_d64b9.dir/OFF64_T.c.o] Error 1
make: *** [cmTC_d64b9/fast] Error 2


/Users/felixjeskoparies/C++/CapstoneProject/CppND-Capstone/opencv/build_opencv/CMakeFiles/CheckTypeSize/OFF64_T.c:
#include <sys/types.h>
#include <stdint.h>
#include <stddef.h>


#undef KEY
#if defined(__i386)
# define KEY '_','_','i','3','8','6'
#elif defined(__x86_64)
# define KEY '_','_','x','8','6','_','6','4'
#elif defined(__PPC64__)
# define KEY '_','_','P','P','C','6','4','_','_'
#elif defined(__ppc64__)
# define KEY '_','_','p','p','c','6','4','_','_'
#elif defined(__PPC__)
# define KEY '_','_','P','P','C','_','_'
#elif defined(__ppc__)
# define KEY '_','_','p','p','c','_','_'
#elif defined(__aarch64__)
# define KEY '_','_','a','a','r','c','h','6','4','_','_'
#elif defined(__ARM_ARCH_7A__)
# define KEY '_','_','A','R','M','_','A','R','C','H','_','7','A','_','_'
#elif defined(__ARM_ARCH_7S__)
# define KEY '_','_','A','R','M','_','A','R','C','H','_','7','S','_','_'
#endif

#define SIZE (sizeof(off64_t))
static char info_size[] =  {'I', 'N', 'F', 'O', ':', 's','i','z','e','[',
  ('0' + ((SIZE / 10000)%10)),
  ('0' + ((SIZE / 1000)%10)),
  ('0' + ((SIZE / 100)%10)),
  ('0' + ((SIZE / 10)%10)),
  ('0' +  (SIZE    % 10)),
  ']',
#ifdef KEY
  ' ','k','e','y','[', KEY, ']',
#endif
  '\0'};

#ifdef __CLASSIC_C__
int main(argc, argv) int argc; char *argv[];
#else
int main(int argc, char *argv[])
#endif
{
  int require = 0;
  require += info_size[argc];
  (void)argv;
  return require;
}


Determining if the include file io.h exists failed with the following output:
Change Dir: /Users/felixjeskoparies/C++/CapstoneProject/CppND-Capstone/opencv/build_opencv/CMakeFiles/CMakeTmp

Run Build Command(s):/usr/bin/make -f Makefile cmTC_69d90/fast && /Library/Developer/CommandLineTools/usr/bin/make  -f CMakeFiles/cmTC_69d90.dir/build.make CMakeFiles/cmTC_69d90.dir/build
Building C object CMakeFiles/cmTC_69d90.dir/CheckIncludeFile.c.o
/Library/Developer/CommandLineTools/usr/bin/cc   -fsigned-char -W -Wall -Werror=return-type -Werror=non-virtual-dtor -Werror=address -Werror=sequence-point -Wformat -Werror=format-security -Wmissing-declarations -Wmissing-prototypes -Wstrict-prototypes -Wundef -Winit-self -Wpointer-arith -Wshadow -Wsign-promo -Wuninitialized -Wno-delete-non-virtual-dtor -Wno-unnamed-type-template-args -Wno-comment -fdiagnostics-show-option -Wno-long-long -Qunused-arguments -Wno-semicolon-before-method-body -ffunction-sections -fdata-sections  -fvisibility=hidden -fvisibility-inlines-hidden  -O3 -DNDEBUG  -DNDEBUG -isysroot /Library/Developer/CommandLineTools/SDKs/MacOSX11.0.sdk -fPIE -MD -MT CMakeFiles/cmTC_69d90.dir/CheckIncludeFile.c.o -MF CMakeFiles/cmTC_69d90.dir/CheckIncludeFile.c.o.d -o CMakeFiles/cmTC_69d90.dir/CheckIncludeFile.c.o -c /Users/felixjeskoparies/C++/CapstoneProject/CppND-Capstone/opencv/build_opencv/CMakeFiles/CMakeTmp/CheckIncludeFile.c
/Users/felixjeskoparies/C++/CapstoneProject/CppND-Capstone/opencv/build_opencv/CMakeFiles/CMakeTmp/CheckIncludeFile.c:1:10: fatal error: 'io.h' file not found
#include <io.h>
         ^~~~~~
1 error generated.
make[1]: *** [CMakeFiles/cmTC_69d90.dir/CheckIncludeFile.c.o] Error 1
make: *** [cmTC_69d90/fast] Error 2



Determining size of INT8 failed with the following output:
Change Dir: /Users/felixjeskoparies/C++/CapstoneProject/CppND-Capstone/opencv/build_opencv/CMakeFiles/CMakeTmp

Run Build Command(s):/usr/bin/make -f Makefile cmTC_8da53/fast && /Library/Developer/CommandLineTools/usr/bin/make  -f CMakeFiles/cmTC_8da53.dir/build.make CMakeFiles/cmTC_8da53.dir/build
Building C object CMakeFiles/cmTC_8da53.dir/int8.c.o
/Library/Developer/CommandLineTools/usr/bin/cc   -fsigned-char -W -Wall -Werror=return-type -Werror=non-virtual-dtor -Werror=address -Werror=sequence-point -Wformat -Werror=format-security -Wmissing-declarations -Wmissing-prototypes -Wstrict-prototypes -Wundef -Winit-self -Wpointer-arith -Wshadow -Wsign-promo -Wuninitialized -Wno-delete-non-virtual-dtor -Wno-unnamed-type-template-args -Wno-comment -fdiagnostics-show-option -Wno-long-long -Qunused-arguments -Wno-semicolon-before-method-body -ffunction-sections -fdata-sections  -fvisibility=hidden -fvisibility-inlines-hidden  -O3 -DNDEBUG  -DNDEBUG -isysroot /Library/Developer/CommandLineTools/SDKs/MacOSX11.0.sdk -fPIE -MD -MT CMakeFiles/cmTC_8da53.dir/int8.c.o -MF CMakeFiles/cmTC_8da53.dir/int8.c.o.d -o CMakeFiles/cmTC_8da53.dir/int8.c.o -c /Users/felixjeskoparies/C++/CapstoneProject/CppND-Capstone/opencv/build_opencv/CMakeFiles/CheckTypeSize/int8.c
/Users/felixjeskoparies/C++/CapstoneProject/CppND-Capstone/opencv/build_opencv/CMakeFiles/CheckTypeSize/int8.c:29:12: error: use of undeclared identifier 'INT8'
  ('0' + ((SIZE / 10000)%10)),
           ^
/Users/felixjeskoparies/C++/CapstoneProject/CppND-Capstone/opencv/build_opencv/CMakeFiles/CheckTypeSize/int8.c:27:22: note: expanded from macro 'SIZE'
#define SIZE (sizeof(INT8))
                     ^
/Users/felixjeskoparies/C++/CapstoneProject/CppND-Capstone/opencv/build_opencv/CMakeFiles/CheckTypeSize/int8.c:30:12: error: use of undeclared identifier 'INT8'
  ('0' + ((SIZE / 1000)%10)),
           ^
/Users/felixjeskoparies/C++/CapstoneProject/CppND-Capstone/opencv/build_opencv/CMakeFiles/CheckTypeSize/int8.c:27:22: note: expanded from macro 'SIZE'
#define SIZE (sizeof(INT8))
                     ^
/Users/felixjeskoparies/C++/CapstoneProject/CppND-Capstone/opencv/build_opencv/CMakeFiles/CheckTypeSize/int8.c:31:12: error: use of undeclared identifier 'INT8'
  ('0' + ((SIZE / 100)%10)),
           ^
/Users/felixjeskoparies/C++/CapstoneProject/CppND-Capstone/opencv/build_opencv/CMakeFiles/CheckTypeSize/int8.c:27:22: note: expanded from macro 'SIZE'
#define SIZE (sizeof(INT8))
                     ^
/Users/felixjeskoparies/C++/CapstoneProject/CppND-Capstone/opencv/build_opencv/CMakeFiles/CheckTypeSize/int8.c:32:12: error: use of undeclared identifier 'INT8'
  ('0' + ((SIZE / 10)%10)),
           ^
/Users/felixjeskoparies/C++/CapstoneProject/CppND-Capstone/opencv/build_opencv/CMakeFiles/CheckTypeSize/int8.c:27:22: note: expanded from macro 'SIZE'
#define SIZE (sizeof(INT8))
                     ^
/Users/felixjeskoparies/C++/CapstoneProject/CppND-Capstone/opencv/build_opencv/CMakeFiles/CheckTypeSize/int8.c:33:12: error: use of undeclared identifier 'INT8'
  ('0' +  (SIZE    % 10)),
           ^
/Users/felixjeskoparies/C++/CapstoneProject/CppND-Capstone/opencv/build_opencv/CMakeFiles/CheckTypeSize/int8.c:27:22: note: expanded from macro 'SIZE'
#define SIZE (sizeof(INT8))
                     ^
5 errors generated.
make[1]: *** [CMakeFiles/cmTC_8da53.dir/int8.c.o] Error 1
make: *** [cmTC_8da53/fast] Error 2


/Users/felixjeskoparies/C++/CapstoneProject/CppND-Capstone/opencv/build_opencv/CMakeFiles/CheckTypeSize/int8.c:
#include <sys/types.h>
#include <stdint.h>
#include <stddef.h>


#undef KEY
#if defined(__i386)
# define KEY '_','_','i','3','8','6'
#elif defined(__x86_64)
# define KEY '_','_','x','8','6','_','6','4'
#elif defined(__PPC64__)
# define KEY '_','_','P','P','C','6','4','_','_'
#elif defined(__ppc64__)
# define KEY '_','_','p','p','c','6','4','_','_'
#elif defined(__PPC__)
# define KEY '_','_','P','P','C','_','_'
#elif defined(__ppc__)
# define KEY '_','_','p','p','c','_','_'
#elif defined(__aarch64__)
# define KEY '_','_','a','a','r','c','h','6','4','_','_'
#elif defined(__ARM_ARCH_7A__)
# define KEY '_','_','A','R','M','_','A','R','C','H','_','7','A','_','_'
#elif defined(__ARM_ARCH_7S__)
# define KEY '_','_','A','R','M','_','A','R','C','H','_','7','S','_','_'
#endif

#define SIZE (sizeof(INT8))
static char info_size[] =  {'I', 'N', 'F', 'O', ':', 's','i','z','e','[',
  ('0' + ((SIZE / 10000)%10)),
  ('0' + ((SIZE / 1000)%10)),
  ('0' + ((SIZE / 100)%10)),
  ('0' + ((SIZE / 10)%10)),
  ('0' +  (SIZE    % 10)),
  ']',
#ifdef KEY
  ' ','k','e','y','[', KEY, ']',
#endif
  '\0'};

#ifdef __CLASSIC_C__
int main(argc, argv) int argc; char *argv[];
#else
int main(int argc, char *argv[])
#endif
{
  int require = 0;
  require += info_size[argc];
  (void)argv;
  return require;
}


Determining size of INT16 failed with the following output:
Change Dir: /Users/felixjeskoparies/C++/CapstoneProject/CppND-Capstone/opencv/build_opencv/CMakeFiles/CMakeTmp

Run Build Command(s):/usr/bin/make -f Makefile cmTC_7726d/fast && /Library/Developer/CommandLineTools/usr/bin/make  -f CMakeFiles/cmTC_7726d.dir/build.make CMakeFiles/cmTC_7726d.dir/build
Building C object CMakeFiles/cmTC_7726d.dir/int16.c.o
/Library/Developer/CommandLineTools/usr/bin/cc   -fsigned-char -W -Wall -Werror=return-type -Werror=non-virtual-dtor -Werror=address -Werror=sequence-point -Wformat -Werror=format-security -Wmissing-declarations -Wmissing-prototypes -Wstrict-prototypes -Wundef -Winit-self -Wpointer-arith -Wshadow -Wsign-promo -Wuninitialized -Wno-delete-non-virtual-dtor -Wno-unnamed-type-template-args -Wno-comment -fdiagnostics-show-option -Wno-long-long -Qunused-arguments -Wno-semicolon-before-method-body -ffunction-sections -fdata-sections  -fvisibility=hidden -fvisibility-inlines-hidden  -O3 -DNDEBUG  -DNDEBUG -isysroot /Library/Developer/CommandLineTools/SDKs/MacOSX11.0.sdk -fPIE -MD -MT CMakeFiles/cmTC_7726d.dir/int16.c.o -MF CMakeFiles/cmTC_7726d.dir/int16.c.o.d -o CMakeFiles/cmTC_7726d.dir/int16.c.o -c /Users/felixjeskoparies/C++/CapstoneProject/CppND-Capstone/opencv/build_opencv/CMakeFiles/CheckTypeSize/int16.c
/Users/felixjeskoparies/C++/CapstoneProject/CppND-Capstone/opencv/build_opencv/CMakeFiles/CheckTypeSize/int16.c:29:12: error: use of undeclared identifier 'INT16'
  ('0' + ((SIZE / 10000)%10)),
           ^
/Users/felixjeskoparies/C++/CapstoneProject/CppND-Capstone/opencv/build_opencv/CMakeFiles/CheckTypeSize/int16.c:27:22: note: expanded from macro 'SIZE'
#define SIZE (sizeof(INT16))
                     ^
/Users/felixjeskoparies/C++/CapstoneProject/CppND-Capstone/opencv/build_opencv/CMakeFiles/CheckTypeSize/int16.c:30:12: error: use of undeclared identifier 'INT16'
  ('0' + ((SIZE / 1000)%10)),
           ^
/Users/felixjeskoparies/C++/CapstoneProject/CppND-Capstone/opencv/build_opencv/CMakeFiles/CheckTypeSize/int16.c:27:22: note: expanded from macro 'SIZE'
#define SIZE (sizeof(INT16))
                     ^
/Users/felixjeskoparies/C++/CapstoneProject/CppND-Capstone/opencv/build_opencv/CMakeFiles/CheckTypeSize/int16.c:31:12: error: use of undeclared identifier 'INT16'
  ('0' + ((SIZE / 100)%10)),
           ^
/Users/felixjeskoparies/C++/CapstoneProject/CppND-Capstone/opencv/build_opencv/CMakeFiles/CheckTypeSize/int16.c:27:22: note: expanded from macro 'SIZE'
#define SIZE (sizeof(INT16))
                     ^
/Users/felixjeskoparies/C++/CapstoneProject/CppND-Capstone/opencv/build_opencv/CMakeFiles/CheckTypeSize/int16.c:32:12: error: use of undeclared identifier 'INT16'
  ('0' + ((SIZE / 10)%10)),
           ^
/Users/felixjeskoparies/C++/CapstoneProject/CppND-Capstone/opencv/build_opencv/CMakeFiles/CheckTypeSize/int16.c:27:22: note: expanded from macro 'SIZE'
#define SIZE (sizeof(INT16))
                     ^
/Users/felixjeskoparies/C++/CapstoneProject/CppND-Capstone/opencv/build_opencv/CMakeFiles/CheckTypeSize/int16.c:33:12: error: use of undeclared identifier 'INT16'
  ('0' +  (SIZE    % 10)),
           ^
/Users/felixjeskoparies/C++/CapstoneProject/CppND-Capstone/opencv/build_opencv/CMakeFiles/CheckTypeSize/int16.c:27:22: note: expanded from macro 'SIZE'
#define SIZE (sizeof(INT16))
                     ^
5 errors generated.
make[1]: *** [CMakeFiles/cmTC_7726d.dir/int16.c.o] Error 1
make: *** [cmTC_7726d/fast] Error 2


/Users/felixjeskoparies/C++/CapstoneProject/CppND-Capstone/opencv/build_opencv/CMakeFiles/CheckTypeSize/int16.c:
#include <sys/types.h>
#include <stdint.h>
#include <stddef.h>


#undef KEY
#if defined(__i386)
# define KEY '_','_','i','3','8','6'
#elif defined(__x86_64)
# define KEY '_','_','x','8','6','_','6','4'
#elif defined(__PPC64__)
# define KEY '_','_','P','P','C','6','4','_','_'
#elif defined(__ppc64__)
# define KEY '_','_','p','p','c','6','4','_','_'
#elif defined(__PPC__)
# define KEY '_','_','P','P','C','_','_'
#elif defined(__ppc__)
# define KEY '_','_','p','p','c','_','_'
#elif defined(__aarch64__)
# define KEY '_','_','a','a','r','c','h','6','4','_','_'
#elif defined(__ARM_ARCH_7A__)
# define KEY '_','_','A','R','M','_','A','R','C','H','_','7','A','_','_'
#elif defined(__ARM_ARCH_7S__)
# define KEY '_','_','A','R','M','_','A','R','C','H','_','7','S','_','_'
#endif

#define SIZE (sizeof(INT16))
static char info_size[] =  {'I', 'N', 'F', 'O', ':', 's','i','z','e','[',
  ('0' + ((SIZE / 10000)%10)),
  ('0' + ((SIZE / 1000)%10)),
  ('0' + ((SIZE / 100)%10)),
  ('0' + ((SIZE / 10)%10)),
  ('0' +  (SIZE    % 10)),
  ']',
#ifdef KEY
  ' ','k','e','y','[', KEY, ']',
#endif
  '\0'};

#ifdef __CLASSIC_C__
int main(argc, argv) int argc; char *argv[];
#else
int main(int argc, char *argv[])
#endif
{
  int require = 0;
  require += info_size[argc];
  (void)argv;
  return require;
}


Determining size of INT32 failed with the following output:
Change Dir: /Users/felixjeskoparies/C++/CapstoneProject/CppND-Capstone/opencv/build_opencv/CMakeFiles/CMakeTmp

Run Build Command(s):/usr/bin/make -f Makefile cmTC_45e08/fast && /Library/Developer/CommandLineTools/usr/bin/make  -f CMakeFiles/cmTC_45e08.dir/build.make CMakeFiles/cmTC_45e08.dir/build
Building C object CMakeFiles/cmTC_45e08.dir/int32.c.o
/Library/Developer/CommandLineTools/usr/bin/cc   -fsigned-char -W -Wall -Werror=return-type -Werror=non-virtual-dtor -Werror=address -Werror=sequence-point -Wformat -Werror=format-security -Wmissing-declarations -Wmissing-prototypes -Wstrict-prototypes -Wundef -Winit-self -Wpointer-arith -Wshadow -Wsign-promo -Wuninitialized -Wno-delete-non-virtual-dtor -Wno-unnamed-type-template-args -Wno-comment -fdiagnostics-show-option -Wno-long-long -Qunused-arguments -Wno-semicolon-before-method-body -ffunction-sections -fdata-sections  -fvisibility=hidden -fvisibility-inlines-hidden  -O3 -DNDEBUG  -DNDEBUG -isysroot /Library/Developer/CommandLineTools/SDKs/MacOSX11.0.sdk -fPIE -MD -MT CMakeFiles/cmTC_45e08.dir/int32.c.o -MF CMakeFiles/cmTC_45e08.dir/int32.c.o.d -o CMakeFiles/cmTC_45e08.dir/int32.c.o -c /Users/felixjeskoparies/C++/CapstoneProject/CppND-Capstone/opencv/build_opencv/CMakeFiles/CheckTypeSize/int32.c
/Users/felixjeskoparies/C++/CapstoneProject/CppND-Capstone/opencv/build_opencv/CMakeFiles/CheckTypeSize/int32.c:29:12: error: use of undeclared identifier 'INT32'
  ('0' + ((SIZE / 10000)%10)),
           ^
/Users/felixjeskoparies/C++/CapstoneProject/CppND-Capstone/opencv/build_opencv/CMakeFiles/CheckTypeSize/int32.c:27:22: note: expanded from macro 'SIZE'
#define SIZE (sizeof(INT32))
                     ^
/Users/felixjeskoparies/C++/CapstoneProject/CppND-Capstone/opencv/build_opencv/CMakeFiles/CheckTypeSize/int32.c:30:12: error: use of undeclared identifier 'INT32'
  ('0' + ((SIZE / 1000)%10)),
           ^
/Users/felixjeskoparies/C++/CapstoneProject/CppND-Capstone/opencv/build_opencv/CMakeFiles/CheckTypeSize/int32.c:27:22: note: expanded from macro 'SIZE'
#define SIZE (sizeof(INT32))
                     ^
/Users/felixjeskoparies/C++/CapstoneProject/CppND-Capstone/opencv/build_opencv/CMakeFiles/CheckTypeSize/int32.c:31:12: error: use of undeclared identifier 'INT32'
  ('0' + ((SIZE / 100)%10)),
           ^
/Users/felixjeskoparies/C++/CapstoneProject/CppND-Capstone/opencv/build_opencv/CMakeFiles/CheckTypeSize/int32.c:27:22: note: expanded from macro 'SIZE'
#define SIZE (sizeof(INT32))
                     ^
/Users/felixjeskoparies/C++/CapstoneProject/CppND-Capstone/opencv/build_opencv/CMakeFiles/CheckTypeSize/int32.c:32:12: error: use of undeclared identifier 'INT32'
  ('0' + ((SIZE / 10)%10)),
           ^
/Users/felixjeskoparies/C++/CapstoneProject/CppND-Capstone/opencv/build_opencv/CMakeFiles/CheckTypeSize/int32.c:27:22: note: expanded from macro 'SIZE'
#define SIZE (sizeof(INT32))
                     ^
/Users/felixjeskoparies/C++/CapstoneProject/CppND-Capstone/opencv/build_opencv/CMakeFiles/CheckTypeSize/int32.c:33:12: error: use of undeclared identifier 'INT32'
  ('0' +  (SIZE    % 10)),
           ^
/Users/felixjeskoparies/C++/CapstoneProject/CppND-Capstone/opencv/build_opencv/CMakeFiles/CheckTypeSize/int32.c:27:22: note: expanded from macro 'SIZE'
#define SIZE (sizeof(INT32))
                     ^
5 errors generated.
make[1]: *** [CMakeFiles/cmTC_45e08.dir/int32.c.o] Error 1
make: *** [cmTC_45e08/fast] Error 2


/Users/felixjeskoparies/C++/CapstoneProject/CppND-Capstone/opencv/build_opencv/CMakeFiles/CheckTypeSize/int32.c:
#include <sys/types.h>
#include <stdint.h>
#include <stddef.h>


#undef KEY
#if defined(__i386)
# define KEY '_','_','i','3','8','6'
#elif defined(__x86_64)
# define KEY '_','_','x','8','6','_','6','4'
#elif defined(__PPC64__)
# define KEY '_','_','P','P','C','6','4','_','_'
#elif defined(__ppc64__)
# define KEY '_','_','p','p','c','6','4','_','_'
#elif defined(__PPC__)
# define KEY '_','_','P','P','C','_','_'
#elif defined(__ppc__)
# define KEY '_','_','p','p','c','_','_'
#elif defined(__aarch64__)
# define KEY '_','_','a','a','r','c','h','6','4','_','_'
#elif defined(__ARM_ARCH_7A__)
# define KEY '_','_','A','R','M','_','A','R','C','H','_','7','A','_','_'
#elif defined(__ARM_ARCH_7S__)
# define KEY '_','_','A','R','M','_','A','R','C','H','_','7','S','_','_'
#endif

#define SIZE (sizeof(INT32))
static char info_size[] =  {'I', 'N', 'F', 'O', ':', 's','i','z','e','[',
  ('0' + ((SIZE / 10000)%10)),
  ('0' + ((SIZE / 1000)%10)),
  ('0' + ((SIZE / 100)%10)),
  ('0' + ((SIZE / 10)%10)),
  ('0' +  (SIZE    % 10)),
  ']',
#ifdef KEY
  ' ','k','e','y','[', KEY, ']',
#endif
  '\0'};

#ifdef __CLASSIC_C__
int main(argc, argv) int argc; char *argv[];
#else
int main(int argc, char *argv[])
#endif
{
  int require = 0;
  require += info_size[argc];
  (void)argv;
  return require;
}


Build output check failed:
    Regex: 'unknown .*option'
    Output line: 'warning: unknown warning option '-Wno-unused-but-set-variable', did you mean '-Wno-unused-const-variable'? [-Wunknown-warning-option]'
Compilation failed:
    source file: '/Users/felixjeskoparies/C++/CapstoneProject/CppND-Capstone/opencv/build_opencv/CMakeFiles/CMakeTmp/src.c'
    check option: ' -Wno-unused-but-set-variable'
===== BUILD LOG =====
Change Dir: /Users/felixjeskoparies/C++/CapstoneProject/CppND-Capstone/opencv/build_opencv/CMakeFiles/CMakeTmp

Run Build Command(s):/usr/bin/make -f Makefile cmTC_20acd/fast && /Library/Developer/CommandLineTools/usr/bin/make  -f CMakeFiles/cmTC_20acd.dir/build.make CMakeFiles/cmTC_20acd.dir/build
Building C object CMakeFiles/cmTC_20acd.dir/src.c.o
/Library/Developer/CommandLineTools/usr/bin/cc   -fsigned-char -W -Wall -Werror=return-type -Werror=non-virtual-dtor -Werror=address -Werror=sequence-point -Wformat -Werror=format-security -Wmissing-declarations -Wmissing-prototypes -Wstrict-prototypes -Wundef -Winit-self -Wpointer-arith -Wshadow -Wsign-promo -Wuninitialized -Wno-delete-non-virtual-dtor -Wno-unnamed-type-template-args -Wno-comment -fdiagnostics-show-option -Wno-long-long -Qunused-arguments -Wno-semicolon-before-method-body -ffunction-sections -fdata-sections  -fvisibility=hidden -fvisibility-inlines-hidden  -O3 -DNDEBUG  -DNDEBUG -isysroot /Library/Developer/CommandLineTools/SDKs/MacOSX11.0.sdk -fPIE    -Wno-unused-but-set-variable -MD -MT CMakeFiles/cmTC_20acd.dir/src.c.o -MF CMakeFiles/cmTC_20acd.dir/src.c.o.d -o CMakeFiles/cmTC_20acd.dir/src.c.o -c /Users/felixjeskoparies/C++/CapstoneProject/CppND-Capstone/opencv/build_opencv/CMakeFiles/CMakeTmp/src.c
warning: unknown warning option '-Wno-unused-but-set-variable'; did you mean '-Wno-unused-const-variable'? [-Wunknown-warning-option]
/Users/felixjeskoparies/C++/CapstoneProject/CppND-Capstone/opencv/build_opencv/CMakeFiles/CMakeTmp/src.c:1:8: warning: unknown pragma ignored [-Wunknown-pragmas]
#pragma
       ^
2 warnings generated.
Linking C executable cmTC_20acd
/Applications/CMake.app/Contents/bin/cmake -E cmake_link_script CMakeFiles/cmTC_20acd.dir/link.txt --verbose=1
/Library/Developer/CommandLineTools/usr/bin/cc    -fsigned-char -W -Wall -Werror=return-type -Werror=non-virtual-dtor -Werror=address -Werror=sequence-point -Wformat -Werror=format-security -Wmissing-declarations -Wmissing-prototypes -Wstrict-prototypes -Wundef -Winit-self -Wpointer-arith -Wshadow -Wsign-promo -Wuninitialized -Wno-delete-non-virtual-dtor -Wno-unnamed-type-template-args -Wno-comment -fdiagnostics-show-option -Wno-long-long -Qunused-arguments -Wno-semicolon-before-method-body -ffunction-sections -fdata-sections  -fvisibility=hidden -fvisibility-inlines-hidden  -O3 -DNDEBUG  -DNDEBUG -isysroot /Library/Developer/CommandLineTools/SDKs/MacOSX11.0.sdk -Wl,-search_paths_first -Wl,-headerpad_max_install_names   -Wl,-dead_strip  CMakeFiles/cmTC_20acd.dir/src.c.o -o cmTC_20acd 


===== END =====

Build output check failed:
    Regex: 'unknown .*option'
    Output line: 'warning: unknown warning option '-Wno-maybe-uninitialized', did you mean '-Wno-uninitialized'? [-Wunknown-warning-option]'
Compilation failed:
    source file: '/Users/felixjeskoparies/C++/CapstoneProject/CppND-Capstone/opencv/build_opencv/CMakeFiles/CMakeTmp/src.c'
    check option: ' -Wno-maybe-uninitialized'
===== BUILD LOG =====
Change Dir: /Users/felixjeskoparies/C++/CapstoneProject/CppND-Capstone/opencv/build_opencv/CMakeFiles/CMakeTmp

Run Build Command(s):/usr/bin/make -f Makefile cmTC_61b44/fast && /Library/Developer/CommandLineTools/usr/bin/make  -f CMakeFiles/cmTC_61b44.dir/build.make CMakeFiles/cmTC_61b44.dir/build
Building C object CMakeFiles/cmTC_61b44.dir/src.c.o
/Library/Developer/CommandLineTools/usr/bin/cc   -fsigned-char -W -Wall -Werror=return-type -Werror=non-virtual-dtor -Werror=address -Werror=sequence-point -Wformat -Werror=format-security -Wstrict-prototypes -Winit-self -Wpointer-arith -Wsign-promo -Wuninitialized -Wno-delete-non-virtual-dtor -Wno-unnamed-type-template-args -Wno-comment -fdiagnostics-show-option -Wno-long-long -Qunused-arguments -Wno-semicolon-before-method-body -ffunction-sections -fdata-sections  -fvisibility=hidden -fvisibility-inlines-hidden -Wno-missing-prototypes -Wno-missing-declarations -Wno-undef -Wno-unused -Wno-sign-compare -Wno-cast-align -Wno-shadow  -O3 -DNDEBUG  -DNDEBUG -isysroot /Library/Developer/CommandLineTools/SDKs/MacOSX11.0.sdk -fPIE    -Wno-maybe-uninitialized -MD -MT CMakeFiles/cmTC_61b44.dir/src.c.o -MF CMakeFiles/cmTC_61b44.dir/src.c.o.d -o CMakeFiles/cmTC_61b44.dir/src.c.o -c /Users/felixjeskoparies/C++/CapstoneProject/CppND-Capstone/opencv/build_opencv/CMakeFiles/CMakeTmp/src.c
warning: unknown warning option '-Wno-maybe-uninitialized'; did you mean '-Wno-uninitialized'? [-Wunknown-warning-option]
/Users/felixjeskoparies/C++/CapstoneProject/CppND-Capstone/opencv/build_opencv/CMakeFiles/CMakeTmp/src.c:1:8: warning: unknown pragma ignored [-Wunknown-pragmas]
#pragma
       ^
2 warnings generated.
Linking C executable cmTC_61b44
/Applications/CMake.app/Contents/bin/cmake -E cmake_link_script CMakeFiles/cmTC_61b44.dir/link.txt --verbose=1
/Library/Developer/CommandLineTools/usr/bin/cc    -fsigned-char -W -Wall -Werror=return-type -Werror=non-virtual-dtor -Werror=address -Werror=sequence-point -Wformat -Werror=format-security -Wstrict-prototypes -Winit-self -Wpointer-arith -Wsign-promo -Wuninitialized -Wno-delete-non-virtual-dtor -Wno-unnamed-type-template-args -Wno-comment -fdiagnostics-show-option -Wno-long-long -Qunused-arguments -Wno-semicolon-before-method-body -ffunction-sections -fdata-sections  -fvisibility=hidden -fvisibility-inlines-hidden -Wno-missing-prototypes -Wno-missing-declarations -Wno-undef -Wno-unused -Wno-sign-compare -Wno-cast-align -Wno-shadow  -O3 -DNDEBUG  -DNDEBUG -isysroot /Library/Developer/CommandLineTools/SDKs/MacOSX11.0.sdk -Wl,-search_paths_first -Wl,-headerpad_max_install_names   -Wl,-dead_strip  CMakeFiles/cmTC_61b44.dir/src.c.o -o cmTC_61b44 


===== END =====

Build output check failed:
    Regex: 'unknown .*option'
    Output line: 'warning: unknown warning option '-Wno-implicit-const-int-float-conversion', did you mean '-Wno-implicit-int-float-conversion'? [-Wunknown-warning-option]'
Compilation failed:
    source file: '/Users/felixjeskoparies/C++/CapstoneProject/CppND-Capstone/opencv/build_opencv/CMakeFiles/CMakeTmp/src.c'
    check option: ' -Wno-implicit-const-int-float-conversion'
===== BUILD LOG =====
Change Dir: /Users/felixjeskoparies/C++/CapstoneProject/CppND-Capstone/opencv/build_opencv/CMakeFiles/CMakeTmp

Run Build Command(s):/usr/bin/make -f Makefile cmTC_cc299/fast && /Library/Developer/CommandLineTools/usr/bin/make  -f CMakeFiles/cmTC_cc299.dir/build.make CMakeFiles/cmTC_cc299.dir/build
Building C object CMakeFiles/cmTC_cc299.dir/src.c.o
/Library/Developer/CommandLineTools/usr/bin/cc   -fsigned-char -W -Wall -Werror=return-type -Werror=non-virtual-dtor -Werror=address -Werror=sequence-point -Wformat -Werror=format-security -Wmissing-declarations -Wmissing-prototypes -Wstrict-prototypes -Wundef -Winit-self -Wpointer-arith -Wshadow -Wsign-promo -Wuninitialized -Wno-delete-non-virtual-dtor -Wno-unnamed-type-template-args -Wno-comment -fdiagnostics-show-option -Wno-long-long -Qunused-arguments -Wno-semicolon-before-method-body -ffunction-sections -fdata-sections  -fvisibility=hidden -fvisibility-inlines-hidden  -O3 -DNDEBUG  -DNDEBUG -isysroot /Library/Developer/CommandLineTools/SDKs/MacOSX11.0.sdk -fPIE    -Wno-implicit-const-int-float-conversion -MD -MT CMakeFiles/cmTC_cc299.dir/src.c.o -MF CMakeFiles/cmTC_cc299.dir/src.c.o.d -o CMakeFiles/cmTC_cc299.dir/src.c.o -c /Users/felixjeskoparies/C++/CapstoneProject/CppND-Capstone/opencv/build_opencv/CMakeFiles/CMakeTmp/src.c
warning: unknown warning option '-Wno-implicit-const-int-float-conversion'; did you mean '-Wno-implicit-int-float-conversion'? [-Wunknown-warning-option]
/Users/felixjeskoparies/C++/CapstoneProject/CppND-Capstone/opencv/build_opencv/CMakeFiles/CMakeTmp/src.c:1:8: warning: unknown pragma ignored [-Wunknown-pragmas]
#pragma
       ^
2 warnings generated.
Linking C executable cmTC_cc299
/Applications/CMake.app/Contents/bin/cmake -E cmake_link_script CMakeFiles/cmTC_cc299.dir/link.txt --verbose=1
/Library/Developer/CommandLineTools/usr/bin/cc    -fsigned-char -W -Wall -Werror=return-type -Werror=non-virtual-dtor -Werror=address -Werror=sequence-point -Wformat -Werror=format-security -Wmissing-declarations -Wmissing-prototypes -Wstrict-prototypes -Wundef -Winit-self -Wpointer-arith -Wshadow -Wsign-promo -Wuninitialized -Wno-delete-non-virtual-dtor -Wno-unnamed-type-template-args -Wno-comment -fdiagnostics-show-option -Wno-long-long -Qunused-arguments -Wno-semicolon-before-method-body -ffunction-sections -fdata-sections  -fvisibility=hidden -fvisibility-inlines-hidden  -O3 -DNDEBUG  -DNDEBUG -isysroot /Library/Developer/CommandLineTools/SDKs/MacOSX11.0.sdk -Wl,-search_paths_first -Wl,-headerpad_max_install_names   -Wl,-dead_strip  CMakeFiles/cmTC_cc299.dir/src.c.o -o cmTC_cc299 


===== END =====

Determining if files malloc.h exist failed with the following output:
Change Dir: /Users/felixjeskoparies/C++/CapstoneProject/CppND-Capstone/opencv/build_opencv/CMakeFiles/CMakeTmp

Run Build Command(s):/usr/bin/make -f Makefile cmTC_d0fd7/fast && /Library/Developer/CommandLineTools/usr/bin/make  -f CMakeFiles/cmTC_d0fd7.dir/build.make CMakeFiles/cmTC_d0fd7.dir/build
Building C object CMakeFiles/cmTC_d0fd7.dir/OPJ_HAVE_MALLOC_H.c.o
/Library/Developer/CommandLineTools/usr/bin/cc   -fsigned-char -W -Wall -Werror=return-type -Werror=non-virtual-dtor -Werror=address -Werror=sequence-point -Wformat -Werror=format-security -Wmissing-declarations -Wmissing-prototypes -Wstrict-prototypes -Wundef -Winit-self -Wpointer-arith -Wshadow -Wsign-promo -Wuninitialized -Wno-delete-non-virtual-dtor -Wno-unnamed-type-template-args -Wno-comment -fdiagnostics-show-option -Wno-long-long -Qunused-arguments -Wno-semicolon-before-method-body -ffunction-sections -fdata-sections  -fvisibility=hidden -fvisibility-inlines-hidden  -O3 -DNDEBUG  -DNDEBUG -isysroot /Library/Developer/CommandLineTools/SDKs/MacOSX11.0.sdk -fPIE -MD -MT CMakeFiles/cmTC_d0fd7.dir/OPJ_HAVE_MALLOC_H.c.o -MF CMakeFiles/cmTC_d0fd7.dir/OPJ_HAVE_MALLOC_H.c.o.d -o CMakeFiles/cmTC_d0fd7.dir/OPJ_HAVE_MALLOC_H.c.o -c /Users/felixjeskoparies/C++/CapstoneProject/CppND-Capstone/opencv/build_opencv/CMakeFiles/CheckIncludeFiles/OPJ_HAVE_MALLOC_H.c
/Users/felixjeskoparies/C++/CapstoneProject/CppND-Capstone/opencv/build_opencv/CMakeFiles/CheckIncludeFiles/OPJ_HAVE_MALLOC_H.c:2:10: fatal error: 'malloc.h' file not found
#include <malloc.h>
         ^~~~~~~~~~
1 error generated.
make[1]: *** [CMakeFiles/cmTC_d0fd7.dir/OPJ_HAVE_MALLOC_H.c.o] Error 1
make: *** [cmTC_d0fd7/fast] Error 2


Source:
/* */
#include <malloc.h>


int main(void){return 0;}

Determining if the _aligned_malloc exist failed with the following output:
Change Dir: /Users/felixjeskoparies/C++/CapstoneProject/CppND-Capstone/opencv/build_opencv/CMakeFiles/CMakeTmp

Run Build Command(s):/usr/bin/make -f Makefile cmTC_cf417/fast && /Library/Developer/CommandLineTools/usr/bin/make  -f CMakeFiles/cmTC_cf417.dir/build.make CMakeFiles/cmTC_cf417.dir/build
Building C object CMakeFiles/cmTC_cf417.dir/CheckSymbolExists.c.o
/Library/Developer/CommandLineTools/usr/bin/cc   -fsigned-char -W -Wall -Werror=return-type -Werror=non-virtual-dtor -Werror=address -Werror=sequence-point -Wformat -Werror=format-security -Wmissing-declarations -Wmissing-prototypes -Wstrict-prototypes -Wundef -Winit-self -Wpointer-arith -Wshadow -Wsign-promo -Wuninitialized -Wno-delete-non-virtual-dtor -Wno-unnamed-type-template-args -Wno-comment -fdiagnostics-show-option -Wno-long-long -Qunused-arguments -Wno-semicolon-before-method-body -ffunction-sections -fdata-sections  -fvisibility=hidden -fvisibility-inlines-hidden  -O3 -DNDEBUG  -DNDEBUG -isysroot /Library/Developer/CommandLineTools/SDKs/MacOSX11.0.sdk -fPIE -MD -MT CMakeFiles/cmTC_cf417.dir/CheckSymbolExists.c.o -MF CMakeFiles/cmTC_cf417.dir/CheckSymbolExists.c.o.d -o CMakeFiles/cmTC_cf417.dir/CheckSymbolExists.c.o -c /Users/felixjeskoparies/C++/CapstoneProject/CppND-Capstone/opencv/build_opencv/CMakeFiles/CMakeTmp/CheckSymbolExists.c
/Users/felixjeskoparies/C++/CapstoneProject/CppND-Capstone/opencv/build_opencv/CMakeFiles/CMakeTmp/CheckSymbolExists.c:2:10: fatal error: 'malloc.h' file not found
#include <malloc.h>
         ^~~~~~~~~~
1 error generated.
make[1]: *** [CMakeFiles/cmTC_cf417.dir/CheckSymbolExists.c.o] Error 1
make: *** [cmTC_cf417/fast] Error 2


File /Users/felixjeskoparies/C++/CapstoneProject/CppND-Capstone/opencv/build_opencv/CMakeFiles/CMakeTmp/CheckSymbolExists.c:
/* */
#include <malloc.h>

int main(int argc, char** argv)
{
  (void)argv;
#ifndef _aligned_malloc
  return ((int*)(&_aligned_malloc))[argc];
#else
  (void)argc;
  return 0;
#endif
}
Determining if the memalign exist failed with the following output:
Change Dir: /Users/felixjeskoparies/C++/CapstoneProject/CppND-Capstone/opencv/build_opencv/CMakeFiles/CMakeTmp

Run Build Command(s):/usr/bin/make -f Makefile cmTC_9d6f1/fast && /Library/Developer/CommandLineTools/usr/bin/make  -f CMakeFiles/cmTC_9d6f1.dir/build.make CMakeFiles/cmTC_9d6f1.dir/build
Building C object CMakeFiles/cmTC_9d6f1.dir/CheckSymbolExists.c.o
/Library/Developer/CommandLineTools/usr/bin/cc   -fsigned-char -W -Wall -Werror=return-type -Werror=non-virtual-dtor -Werror=address -Werror=sequence-point -Wformat -Werror=format-security -Wmissing-declarations -Wmissing-prototypes -Wstrict-prototypes -Wundef -Winit-self -Wpointer-arith -Wshadow -Wsign-promo -Wuninitialized -Wno-delete-non-virtual-dtor -Wno-unnamed-type-template-args -Wno-comment -fdiagnostics-show-option -Wno-long-long -Qunused-arguments -Wno-semicolon-before-method-body -ffunction-sections -fdata-sections  -fvisibility=hidden -fvisibility-inlines-hidden  -O3 -DNDEBUG  -DNDEBUG -isysroot /Library/Developer/CommandLineTools/SDKs/MacOSX11.0.sdk -fPIE -MD -MT CMakeFiles/cmTC_9d6f1.dir/CheckSymbolExists.c.o -MF CMakeFiles/cmTC_9d6f1.dir/CheckSymbolExists.c.o.d -o CMakeFiles/cmTC_9d6f1.dir/CheckSymbolExists.c.o -c /Users/felixjeskoparies/C++/CapstoneProject/CppND-Capstone/opencv/build_opencv/CMakeFiles/CMakeTmp/CheckSymbolExists.c
/Users/felixjeskoparies/C++/CapstoneProject/CppND-Capstone/opencv/build_opencv/CMakeFiles/CMakeTmp/CheckSymbolExists.c:2:10: fatal error: 'malloc.h' file not found
#include <malloc.h>
         ^~~~~~~~~~
1 error generated.
make[1]: *** [CMakeFiles/cmTC_9d6f1.dir/CheckSymbolExists.c.o] Error 1
make: *** [cmTC_9d6f1/fast] Error 2


File /Users/felixjeskoparies/C++/CapstoneProject/CppND-Capstone/opencv/build_opencv/CMakeFiles/CMakeTmp/CheckSymbolExists.c:
/* */
#include <malloc.h>

int main(int argc, char** argv)
{
  (void)argv;
#ifndef memalign
  return ((int*)(&memalign))[argc];
#else
  (void)argc;
  return 0;
#endif
}
Build output check failed:
    Regex: 'unknown .*option'
    Output line: 'warning: unknown warning option '-Wno-cast-function-type', did you mean '-Wno-bad-function-cast'? [-Wunknown-warning-option]'
Compilation failed:
    source file: '/Users/felixjeskoparies/C++/CapstoneProject/CppND-Capstone/opencv/build_opencv/CMakeFiles/CMakeTmp/src.c'
    check option: ' -Wno-cast-function-type'
===== BUILD LOG =====
Change Dir: /Users/felixjeskoparies/C++/CapstoneProject/CppND-Capstone/opencv/build_opencv/CMakeFiles/CMakeTmp

Run Build Command(s):/usr/bin/make -f Makefile cmTC_5c0bb/fast && /Library/Developer/CommandLineTools/usr/bin/make  -f CMakeFiles/cmTC_5c0bb.dir/build.make CMakeFiles/cmTC_5c0bb.dir/build
Building C object CMakeFiles/cmTC_5c0bb.dir/src.c.o
/Library/Developer/CommandLineTools/usr/bin/cc   -fsigned-char -W -Wall -Werror=return-type -Werror=non-virtual-dtor -Werror=address -Werror=sequence-point -Wformat -Werror=format-security -Wmissing-declarations -Wmissing-prototypes -Winit-self -Wpointer-arith -Wshadow -Wsign-promo -Wuninitialized -Wno-delete-non-virtual-dtor -Wno-unnamed-type-template-args -Wno-comment -fdiagnostics-show-option -Wno-long-long -Qunused-arguments -Wno-semicolon-before-method-body -ffunction-sections -fdata-sections  -fvisibility=hidden -fvisibility-inlines-hidden -Wno-undef -Wno-strict-prototypes  -O3 -DNDEBUG  -DNDEBUG -isysroot /Library/Developer/CommandLineTools/SDKs/MacOSX11.0.sdk -fPIE    -Wno-cast-function-type -MD -MT CMakeFiles/cmTC_5c0bb.dir/src.c.o -MF CMakeFiles/cmTC_5c0bb.dir/src.c.o.d -o CMakeFiles/cmTC_5c0bb.dir/src.c.o -c /Users/felixjeskoparies/C++/CapstoneProject/CppND-Capstone/opencv/build_opencv/CMakeFiles/CMakeTmp/src.c
warning: unknown warning option '-Wno-cast-function-type'; did you mean '-Wno-bad-function-cast'? [-Wunknown-warning-option]
/Users/felixjeskoparies/C++/CapstoneProject/CppND-Capstone/opencv/build_opencv/CMakeFiles/CMakeTmp/src.c:1:8: warning: unknown pragma ignored [-Wunknown-pragmas]
#pragma
       ^
2 warnings generated.
Linking C executable cmTC_5c0bb
/Applications/CMake.app/Contents/bin/cmake -E cmake_link_script CMakeFiles/cmTC_5c0bb.dir/link.txt --verbose=1
/Library/Developer/CommandLineTools/usr/bin/cc    -fsigned-char -W -Wall -Werror=return-type -Werror=non-virtual-dtor -Werror=address -Werror=sequence-point -Wformat -Werror=format-security -Wmissing-declarations -Wmissing-prototypes -Winit-self -Wpointer-arith -Wshadow -Wsign-promo -Wuninitialized -Wno-delete-non-virtual-dtor -Wno-unnamed-type-template-args -Wno-comment -fdiagnostics-show-option -Wno-long-long -Qunused-arguments -Wno-semicolon-before-method-body -ffunction-sections -fdata-sections  -fvisibility=hidden -fvisibility-inlines-hidden -Wno-undef -Wno-strict-prototypes  -O3 -DNDEBUG  -DNDEBUG -isysroot /Library/Developer/CommandLineTools/SDKs/MacOSX11.0.sdk -Wl,-search_paths_first -Wl,-headerpad_max_install_names   -Wl,-dead_strip  CMakeFiles/cmTC_5c0bb.dir/src.c.o -o cmTC_5c0bb 


===== END =====

Build output check failed:
    Regex: 'unknown .*option'
    Output line: 'warning: unknown warning option '-Wno-suggest-override', did you mean '-Wno-shift-overflow'? [-Wunknown-warning-option]'
Compilation failed:
    source file: '/Users/felixjeskoparies/C++/CapstoneProject/CppND-Capstone/opencv/build_opencv/CMakeFiles/CMakeTmp/src.cxx'
    check option: ' -Wno-suggest-override'
===== BUILD LOG =====
Change Dir: /Users/felixjeskoparies/C++/CapstoneProject/CppND-Capstone/opencv/build_opencv/CMakeFiles/CMakeTmp

Run Build Command(s):/usr/bin/make -f Makefile cmTC_4af4a/fast && /Library/Developer/CommandLineTools/usr/bin/make  -f CMakeFiles/cmTC_4af4a.dir/build.make CMakeFiles/cmTC_4af4a.dir/build
Building CXX object CMakeFiles/cmTC_4af4a.dir/src.cxx.o
/Library/Developer/CommandLineTools/usr/bin/c++   -fsigned-char -W -Wall -Werror=return-type -Werror=non-virtual-dtor -Werror=address -Werror=sequence-point -Wformat -Werror=format-security -Wmissing-prototypes -Wstrict-prototypes -Winit-self -Wpointer-arith -Wsign-promo -Wno-delete-non-virtual-dtor -Wno-unnamed-type-template-args -Wno-comment -fdiagnostics-show-option -Wno-long-long -Qunused-arguments -Wno-semicolon-before-method-body -ffunction-sections -fdata-sections  -fvisibility=hidden -fvisibility-inlines-hidden -Wno-shadow -Wno-unused -Wno-sign-compare -Wno-undef -Wno-missing-declarations -Wno-uninitialized -Wno-switch -Wno-parentheses -Wno-array-bounds -Wno-extra -Wno-deprecated-declarations -Wno-misleading-indentation -Wno-deprecated  -O3 -DNDEBUG  -DNDEBUG -isysroot /Library/Developer/CommandLineTools/SDKs/MacOSX11.0.sdk -fPIE    -Wno-suggest-override -std=c++11 -MD -MT CMakeFiles/cmTC_4af4a.dir/src.cxx.o -MF CMakeFiles/cmTC_4af4a.dir/src.cxx.o.d -o CMakeFiles/cmTC_4af4a.dir/src.cxx.o -c /Users/felixjeskoparies/C++/CapstoneProject/CppND-Capstone/opencv/build_opencv/CMakeFiles/CMakeTmp/src.cxx
warning: unknown warning option '-Wno-suggest-override'; did you mean '-Wno-shift-overflow'? [-Wunknown-warning-option]
/Users/felixjeskoparies/C++/CapstoneProject/CppND-Capstone/opencv/build_opencv/CMakeFiles/CMakeTmp/src.cxx:1:8: warning: unknown pragma ignored [-Wunknown-pragmas]
#pragma
       ^
2 warnings generated.
Linking CXX executable cmTC_4af4a
/Applications/CMake.app/Contents/bin/cmake -E cmake_link_script CMakeFiles/cmTC_4af4a.dir/link.txt --verbose=1
/Library/Developer/CommandLineTools/usr/bin/c++    -fsigned-char -W -Wall -Werror=return-type -Werror=non-virtual-dtor -Werror=address -Werror=sequence-point -Wformat -Werror=format-security -Wmissing-prototypes -Wstrict-prototypes -Winit-self -Wpointer-arith -Wsign-promo -Wno-delete-non-virtual-dtor -Wno-unnamed-type-template-args -Wno-comment -fdiagnostics-show-option -Wno-long-long -Qunused-arguments -Wno-semicolon-before-method-body -ffunction-sections -fdata-sections  -fvisibility=hidden -fvisibility-inlines-hidden -Wno-shadow -Wno-unused -Wno-sign-compare -Wno-undef -Wno-missing-declarations -Wno-uninitialized -Wno-switch -Wno-parentheses -Wno-array-bounds -Wno-extra -Wno-deprecated-declarations -Wno-misleading-indentation -Wno-deprecated  -O3 -DNDEBUG  -DNDEBUG -isysroot /Library/Developer/CommandLineTools/SDKs/MacOSX11.0.sdk -Wl,-search_paths_first -Wl,-headerpad_max_install_names   -Wl,-dead_strip  CMakeFiles/cmTC_4af4a.dir/src.cxx.o -o cmTC_4af4a 


===== END =====

Build output check failed:
    Regex: 'unknown .*option'
    Output line: 'warning: unknown warning option '-Wno-implicit-const-int-float-conversion', did you mean '-Wno-implicit-int-float-conversion'? [-Wunknown-warning-option]'
Compilation failed:
    source file: '/Users/felixjeskoparies/C++/CapstoneProject/CppND-Capstone/opencv/build_opencv/CMakeFiles/CMakeTmp/src.cxx'
    check option: ' -Wno-implicit-const-int-float-conversion'
===== BUILD LOG =====
Change Dir: /Users/felixjeskoparies/C++/CapstoneProject/CppND-Capstone/opencv/build_opencv/CMakeFiles/CMakeTmp

Run Build Command(s):/usr/bin/make -f Makefile cmTC_b3587/fast && /Library/Developer/CommandLineTools/usr/bin/make  -f CMakeFiles/cmTC_b3587.dir/build.make CMakeFiles/cmTC_b3587.dir/build
Building CXX object CMakeFiles/cmTC_b3587.dir/src.cxx.o
/Library/Developer/CommandLineTools/usr/bin/c++   -fsigned-char -W -Wall -Werror=return-type -Werror=non-virtual-dtor -Werror=address -Werror=sequence-point -Wformat -Werror=format-security -Wstrict-prototypes -Winit-self -Wpointer-arith -Wsign-promo -Wno-delete-non-virtual-dtor -Wno-unnamed-type-template-args -Wno-comment -fdiagnostics-show-option -Wno-long-long -Qunused-arguments -Wno-semicolon-before-method-body -ffunction-sections -fdata-sections  -fvisibility=hidden -fvisibility-inlines-hidden -Wno-shadow -Wno-unused -Wno-sign-compare -Wno-undef -Wno-missing-declarations -Wno-uninitialized -Wno-switch -Wno-parentheses -Wno-array-bounds -Wno-extra -Wno-deprecated-declarations -Wno-misleading-indentation -Wno-deprecated -Wno-inconsistent-missing-override -Wno-implicit-fallthrough -Wno-tautological-compare -Wno-missing-prototypes -Wno-reorder -Wno-unused-result  -O3 -DNDEBUG  -DNDEBUG -isysroot /Library/Developer/CommandLineTools/SDKs/MacOSX11.0.sdk -fPIE    -Wno-implicit-const-int-float-conversion -std=c++11 -MD -MT CMakeFiles/cmTC_b3587.dir/src.cxx.o -MF CMakeFiles/cmTC_b3587.dir/src.cxx.o.d -o CMakeFiles/cmTC_b3587.dir/src.cxx.o -c /Users/felixjeskoparies/C++/CapstoneProject/CppND-Capstone/opencv/build_opencv/CMakeFiles/CMakeTmp/src.cxx
warning: unknown warning option '-Wno-implicit-const-int-float-conversion'; did you mean '-Wno-implicit-int-float-conversion'? [-Wunknown-warning-option]
/Users/felixjeskoparies/C++/CapstoneProject/CppND-Capstone/opencv/build_opencv/CMakeFiles/CMakeTmp/src.cxx:1:8: warning: unknown pragma ignored [-Wunknown-pragmas]
#pragma
       ^
2 warnings generated.
Linking CXX executable cmTC_b3587
/Applications/CMake.app/Contents/bin/cmake -E cmake_link_script CMakeFiles/cmTC_b3587.dir/link.txt --verbose=1
/Library/Developer/CommandLineTools/usr/bin/c++    -fsigned-char -W -Wall -Werror=return-type -Werror=non-virtual-dtor -Werror=address -Werror=sequence-point -Wformat -Werror=format-security -Wstrict-prototypes -Winit-self -Wpointer-arith -Wsign-promo -Wno-delete-non-virtual-dtor -Wno-unnamed-type-template-args -Wno-comment -fdiagnostics-show-option -Wno-long-long -Qunused-arguments -Wno-semicolon-before-method-body -ffunction-sections -fdata-sections  -fvisibility=hidden -fvisibility-inlines-hidden -Wno-shadow -Wno-unused -Wno-sign-compare -Wno-undef -Wno-missing-declarations -Wno-uninitialized -Wno-switch -Wno-parentheses -Wno-array-bounds -Wno-extra -Wno-deprecated-declarations -Wno-misleading-indentation -Wno-deprecated -Wno-inconsistent-missing-override -Wno-implicit-fallthrough -Wno-tautological-compare -Wno-missing-prototypes -Wno-reorder -Wno-unused-result  -O3 -DNDEBUG  -DNDEBUG -isysroot /Library/Developer/CommandLineTools/SDKs/MacOSX11.0.sdk -Wl,-search_paths_first -Wl,-headerpad_max_install_names   -Wl,-dead_strip  CMakeFiles/cmTC_b3587.dir/src.cxx.o -o cmTC_b3587 


===== END =====

Determining if the function sgemm_ exists failed with the following output:
Change Dir: /Users/felixjeskoparies/C++/CapstoneProject/CppND-Capstone/opencv/build_opencv/CMakeFiles/CMakeTmp

Run Build Command(s):/usr/bin/make -f Makefile cmTC_72146/fast && /Library/Developer/CommandLineTools/usr/bin/make  -f CMakeFiles/cmTC_72146.dir/build.make CMakeFiles/cmTC_72146.dir/build
Building C object CMakeFiles/cmTC_72146.dir/CheckFunctionExists.c.o
/Library/Developer/CommandLineTools/usr/bin/cc   -fsigned-char -W -Wall -Werror=return-type -Werror=non-virtual-dtor -Werror=address -Werror=sequence-point -Wformat -Werror=format-security -Wmissing-declarations -Wmissing-prototypes -Wstrict-prototypes -Wundef -Winit-self -Wpointer-arith -Wshadow -Wsign-promo -Wuninitialized -Wno-delete-non-virtual-dtor -Wno-unnamed-type-template-args -Wno-comment -fdiagnostics-show-option -Wno-long-long -Qunused-arguments -Wno-semicolon-before-method-body -ffunction-sections -fdata-sections  -fvisibility=hidden -fvisibility-inlines-hidden -DCHECK_FUNCTION_EXISTS=sgemm_ -O3 -DNDEBUG  -DNDEBUG -isysroot /Library/Developer/CommandLineTools/SDKs/MacOSX11.0.sdk -fPIE -MD -MT CMakeFiles/cmTC_72146.dir/CheckFunctionExists.c.o -MF CMakeFiles/cmTC_72146.dir/CheckFunctionExists.c.o.d -o CMakeFiles/cmTC_72146.dir/CheckFunctionExists.c.o -c /Applications/CMake.app/Contents/share/cmake-3.21/Modules/CheckFunctionExists.c
Linking C executable cmTC_72146
/Applications/CMake.app/Contents/bin/cmake -E cmake_link_script CMakeFiles/cmTC_72146.dir/link.txt --verbose=1
/Library/Developer/CommandLineTools/usr/bin/cc    -fsigned-char -W -Wall -Werror=return-type -Werror=non-virtual-dtor -Werror=address -Werror=sequence-point -Wformat -Werror=format-security -Wmissing-declarations -Wmissing-prototypes -Wstrict-prototypes -Wundef -Winit-self -Wpointer-arith -Wshadow -Wsign-promo -Wuninitialized -Wno-delete-non-virtual-dtor -Wno-unnamed-type-template-args -Wno-comment -fdiagnostics-show-option -Wno-long-long -Qunused-arguments -Wno-semicolon-before-method-body -ffunction-sections -fdata-sections  -fvisibility=hidden -fvisibility-inlines-hidden -DCHECK_FUNCTION_EXISTS=sgemm_ -O3 -DNDEBUG  -DNDEBUG -isysroot /Library/Developer/CommandLineTools/SDKs/MacOSX11.0.sdk -Wl,-search_paths_first -Wl,-headerpad_max_install_names   -Wl,-dead_strip  CMakeFiles/cmTC_72146.dir/CheckFunctionExists.c.o -o cmTC_72146 
Undefined symbols for architecture x86_64:
  "_sgemm_", referenced from:
      _main in CheckFunctionExists.c.o
ld: symbol(s) not found for architecture x86_64
clang: error: linker command failed with exit code 1 (use -v to see invocation)
make[1]: *** [cmTC_72146] Error 1
make: *** [cmTC_72146/fast] Error 2



Determining if the function sgemm_ exists failed with the following output:
Change Dir: /Users/felixjeskoparies/C++/CapstoneProject/CppND-Capstone/opencv/build_opencv/CMakeFiles/CMakeTmp

Run Build Command(s):/usr/bin/make -f Makefile cmTC_effb7/fast && /Library/Developer/CommandLineTools/usr/bin/make  -f CMakeFiles/cmTC_effb7.dir/build.make CMakeFiles/cmTC_effb7.dir/build
Building C object CMakeFiles/cmTC_effb7.dir/CheckFunctionExists.c.o
/Library/Developer/CommandLineTools/usr/bin/cc   -fsigned-char -W -Wall -Werror=return-type -Werror=non-virtual-dtor -Werror=address -Werror=sequence-point -Wformat -Werror=format-security -Wmissing-declarations -Wmissing-prototypes -Wstrict-prototypes -Wundef -Winit-self -Wpointer-arith -Wshadow -Wsign-promo -Wuninitialized -Wno-delete-non-virtual-dtor -Wno-unnamed-type-template-args -Wno-comment -fdiagnostics-show-option -Wno-long-long -Qunused-arguments -Wno-semicolon-before-method-body -ffunction-sections -fdata-sections  -fvisibility=hidden -fvisibility-inlines-hidden -DCHECK_FUNCTION_EXISTS=sgemm_ -O3 -DNDEBUG  -DNDEBUG -isysroot /Library/Developer/CommandLineTools/SDKs/MacOSX11.0.sdk -fPIE -MD -MT CMakeFiles/cmTC_effb7.dir/CheckFunctionExists.c.o -MF CMakeFiles/cmTC_effb7.dir/CheckFunctionExists.c.o.d -o CMakeFiles/cmTC_effb7.dir/CheckFunctionExists.c.o -c /Applications/CMake.app/Contents/share/cmake-3.21/Modules/CheckFunctionExists.c
Linking C executable cmTC_effb7
/Applications/CMake.app/Contents/bin/cmake -E cmake_link_script CMakeFiles/cmTC_effb7.dir/link.txt --verbose=1
/Library/Developer/CommandLineTools/usr/bin/cc    -fsigned-char -W -Wall -Werror=return-type -Werror=non-virtual-dtor -Werror=address -Werror=sequence-point -Wformat -Werror=format-security -Wmissing-declarations -Wmissing-prototypes -Wstrict-prototypes -Wundef -Winit-self -Wpointer-arith -Wshadow -Wsign-promo -Wuninitialized -Wno-delete-non-virtual-dtor -Wno-unnamed-type-template-args -Wno-comment -fdiagnostics-show-option -Wno-long-long -Qunused-arguments -Wno-semicolon-before-method-body -ffunction-sections -fdata-sections  -fvisibility=hidden -fvisibility-inlines-hidden -DCHECK_FUNCTION_EXISTS=sgemm_ -O3 -DNDEBUG  -DNDEBUG -isysroot /Library/Developer/CommandLineTools/SDKs/MacOSX11.0.sdk -Wl,-search_paths_first -Wl,-headerpad_max_install_names   -Wl,-dead_strip  CMakeFiles/cmTC_effb7.dir/CheckFunctionExists.c.o -o cmTC_effb7  -SSL2 
clang: error: unknown argument: '-SSL2'
make[1]: *** [cmTC_effb7] Error 1
make: *** [cmTC_effb7/fast] Error 2



Determining if the function cheev_ exists failed with the following output:
Change Dir: /Users/felixjeskoparies/C++/CapstoneProject/CppND-Capstone/opencv/build_opencv/CMakeFiles/CMakeTmp

Run Build Command(s):/usr/bin/make -f Makefile cmTC_fe812/fast && /Library/Developer/CommandLineTools/usr/bin/make  -f CMakeFiles/cmTC_fe812.dir/build.make CMakeFiles/cmTC_fe812.dir/build
Building C object CMakeFiles/cmTC_fe812.dir/CheckFunctionExists.c.o
/Library/Developer/CommandLineTools/usr/bin/cc   -fsigned-char -W -Wall -Werror=return-type -Werror=non-virtual-dtor -Werror=address -Werror=sequence-point -Wformat -Werror=format-security -Wmissing-declarations -Wmissing-prototypes -Wstrict-prototypes -Wundef -Winit-self -Wpointer-arith -Wshadow -Wsign-promo -Wuninitialized -Wno-delete-non-virtual-dtor -Wno-unnamed-type-template-args -Wno-comment -fdiagnostics-show-option -Wno-long-long -Qunused-arguments -Wno-semicolon-before-method-body -ffunction-sections -fdata-sections  -fvisibility=hidden -fvisibility-inlines-hidden -DCHECK_FUNCTION_EXISTS=cheev_ -O3 -DNDEBUG  -DNDEBUG -isysroot /Library/Developer/CommandLineTools/SDKs/MacOSX11.0.sdk -fPIE -MD -MT CMakeFiles/cmTC_fe812.dir/CheckFunctionExists.c.o -MF CMakeFiles/cmTC_fe812.dir/CheckFunctionExists.c.o.d -o CMakeFiles/cmTC_fe812.dir/CheckFunctionExists.c.o -c /Applications/CMake.app/Contents/share/cmake-3.21/Modules/CheckFunctionExists.c
Linking C executable cmTC_fe812
/Applications/CMake.app/Contents/bin/cmake -E cmake_link_script CMakeFiles/cmTC_fe812.dir/link.txt --verbose=1
/Library/Developer/CommandLineTools/usr/bin/cc    -fsigned-char -W -Wall -Werror=return-type -Werror=non-virtual-dtor -Werror=address -Werror=sequence-point -Wformat -Werror=format-security -Wmissing-declarations -Wmissing-prototypes -Wstrict-prototypes -Wundef -Winit-self -Wpointer-arith -Wshadow -Wsign-promo -Wuninitialized -Wno-delete-non-virtual-dtor -Wno-unnamed-type-template-args -Wno-comment -fdiagnostics-show-option -Wno-long-long -Qunused-arguments -Wno-semicolon-before-method-body -ffunction-sections -fdata-sections  -fvisibility=hidden -fvisibility-inlines-hidden -DCHECK_FUNCTION_EXISTS=cheev_ -O3 -DNDEBUG  -DNDEBUG -isysroot /Library/Developer/CommandLineTools/SDKs/MacOSX11.0.sdk -Wl,-search_paths_first -Wl,-headerpad_max_install_names   -Wl,-dead_strip  CMakeFiles/cmTC_fe812.dir/CheckFunctionExists.c.o -o cmTC_fe812  /Library/Developer/CommandLineTools/SDKs/MacOSX11.0.sdk/usr/lib/libblas.tbd -lm -ldl 
Undefined symbols for architecture x86_64:
  "_cheev_", referenced from:
      _main in CheckFunctionExists.c.o
ld: symbol(s) not found for architecture x86_64
clang: error: linker command failed with exit code 1 (use -v to see invocation)
make[1]: *** [cmTC_fe812] Error 1
make: *** [cmTC_fe812/fast] Error 2



Determining if the function cheev_ exists failed with the following output:
Change Dir: /Users/felixjeskoparies/C++/CapstoneProject/CppND-Capstone/opencv/build_opencv/CMakeFiles/CMakeTmp

Run Build Command(s):/usr/bin/make -f Makefile cmTC_7a2bb/fast && /Library/Developer/CommandLineTools/usr/bin/make  -f CMakeFiles/cmTC_7a2bb.dir/build.make CMakeFiles/cmTC_7a2bb.dir/build
Building C object CMakeFiles/cmTC_7a2bb.dir/CheckFunctionExists.c.o
/Library/Developer/CommandLineTools/usr/bin/cc   -fsigned-char -W -Wall -Werror=return-type -Werror=non-virtual-dtor -Werror=address -Werror=sequence-point -Wformat -Werror=format-security -Wmissing-declarations -Wmissing-prototypes -Wstrict-prototypes -Wundef -Winit-self -Wpointer-arith -Wshadow -Wsign-promo -Wuninitialized -Wno-delete-non-virtual-dtor -Wno-unnamed-type-template-args -Wno-comment -fdiagnostics-show-option -Wno-long-long -Qunused-arguments -Wno-semicolon-before-method-body -ffunction-sections -fdata-sections  -fvisibility=hidden -fvisibility-inlines-hidden -DCHECK_FUNCTION_EXISTS=cheev_ -O3 -DNDEBUG  -DNDEBUG -isysroot /Library/Developer/CommandLineTools/SDKs/MacOSX11.0.sdk -fPIE -MD -MT CMakeFiles/cmTC_7a2bb.dir/CheckFunctionExists.c.o -MF CMakeFiles/cmTC_7a2bb.dir/CheckFunctionExists.c.o.d -o CMakeFiles/cmTC_7a2bb.dir/CheckFunctionExists.c.o -c /Applications/CMake.app/Contents/share/cmake-3.21/Modules/CheckFunctionExists.c
Linking C executable cmTC_7a2bb
/Applications/CMake.app/Contents/bin/cmake -E cmake_link_script CMakeFiles/cmTC_7a2bb.dir/link.txt --verbose=1
/Library/Developer/CommandLineTools/usr/bin/cc    -fsigned-char -W -Wall -Werror=return-type -Werror=non-virtual-dtor -Werror=address -Werror=sequence-point -Wformat -Werror=format-security -Wmissing-declarations -Wmissing-prototypes -Wstrict-prototypes -Wundef -Winit-self -Wpointer-arith -Wshadow -Wsign-promo -Wuninitialized -Wno-delete-non-virtual-dtor -Wno-unnamed-type-template-args -Wno-comment -fdiagnostics-show-option -Wno-long-long -Qunused-arguments -Wno-semicolon-before-method-body -ffunction-sections -fdata-sections  -fvisibility=hidden -fvisibility-inlines-hidden -DCHECK_FUNCTION_EXISTS=cheev_ -O3 -DNDEBUG  -DNDEBUG -isysroot /Library/Developer/CommandLineTools/SDKs/MacOSX11.0.sdk -Wl,-search_paths_first -Wl,-headerpad_max_install_names   -Wl,-dead_strip  CMakeFiles/cmTC_7a2bb.dir/CheckFunctionExists.c.o -o cmTC_7a2bb  -SSL2 /Library/Developer/CommandLineTools/SDKs/MacOSX11.0.sdk/usr/lib/libblas.tbd 
clang: error: unknown argument: '-SSL2'
make[1]: *** [cmTC_7a2bb] Error 1
make: *** [cmTC_7a2bb/fast] Error 2



Determining if the function cheev_ exists failed with the following output:
Change Dir: /Users/felixjeskoparies/C++/CapstoneProject/CppND-Capstone/opencv/build_opencv/CMakeFiles/CMakeTmp

Run Build Command(s):/usr/bin/make -f Makefile cmTC_6b65f/fast && /Library/Developer/CommandLineTools/usr/bin/make  -f CMakeFiles/cmTC_6b65f.dir/build.make CMakeFiles/cmTC_6b65f.dir/build
Building C object CMakeFiles/cmTC_6b65f.dir/CheckFunctionExists.c.o
/Library/Developer/CommandLineTools/usr/bin/cc   -fsigned-char -W -Wall -Werror=return-type -Werror=non-virtual-dtor -Werror=address -Werror=sequence-point -Wformat -Werror=format-security -Wmissing-declarations -Wmissing-prototypes -Wstrict-prototypes -Wundef -Winit-self -Wpointer-arith -Wshadow -Wsign-promo -Wuninitialized -Wno-delete-non-virtual-dtor -Wno-unnamed-type-template-args -Wno-comment -fdiagnostics-show-option -Wno-long-long -Qunused-arguments -Wno-semicolon-before-method-body -ffunction-sections -fdata-sections  -fvisibility=hidden -fvisibility-inlines-hidden -DCHECK_FUNCTION_EXISTS=cheev_ -O3 -DNDEBUG  -DNDEBUG -isysroot /Library/Developer/CommandLineTools/SDKs/MacOSX11.0.sdk -fPIE -MD -MT CMakeFiles/cmTC_6b65f.dir/CheckFunctionExists.c.o -MF CMakeFiles/cmTC_6b65f.dir/CheckFunctionExists.c.o.d -o CMakeFiles/cmTC_6b65f.dir/CheckFunctionExists.c.o -c /Applications/CMake.app/Contents/share/cmake-3.21/Modules/CheckFunctionExists.c
Linking C executable cmTC_6b65f
/Applications/CMake.app/Contents/bin/cmake -E cmake_link_script CMakeFiles/cmTC_6b65f.dir/link.txt --verbose=1
/Library/Developer/CommandLineTools/usr/bin/cc    -fsigned-char -W -Wall -Werror=return-type -Werror=non-virtual-dtor -Werror=address -Werror=sequence-point -Wformat -Werror=format-security -Wmissing-declarations -Wmissing-prototypes -Wstrict-prototypes -Wundef -Winit-self -Wpointer-arith -Wshadow -Wsign-promo -Wuninitialized -Wno-delete-non-virtual-dtor -Wno-unnamed-type-template-args -Wno-comment -fdiagnostics-show-option -Wno-long-long -Qunused-arguments -Wno-semicolon-before-method-body -ffunction-sections -fdata-sections  -fvisibility=hidden -fvisibility-inlines-hidden -DCHECK_FUNCTION_EXISTS=cheev_ -O3 -DNDEBUG  -DNDEBUG -isysroot /Library/Developer/CommandLineTools/SDKs/MacOSX11.0.sdk -Wl,-search_paths_first -Wl,-headerpad_max_install_names   -Wl,-dead_strip  CMakeFiles/cmTC_6b65f.dir/CheckFunctionExists.c.o -o cmTC_6b65f  /Library/Developer/CommandLineTools/SDKs/MacOSX11.0.sdk/usr/lib/liblapack.tbd /Library/Developer/CommandLineTools/SDKs/MacOSX11.0.sdk/usr/lib/libblas.tbd -fortranlibs 
clang: error: unknown argument: '-fortranlibs'
make[1]: *** [cmTC_6b65f] Error 1
make: *** [cmTC_6b65f/fast] Error 2



Performing C SOURCE FILE Test Iconv_IS_BUILT_IN failed with the following output:
Change Dir: /Users/felixjeskoparies/C++/CapstoneProject/CppND-Capstone/opencv/build_opencv/CMakeFiles/CMakeTmp

Run Build Command(s):/usr/bin/make -f Makefile cmTC_b1c90/fast && /Library/Developer/CommandLineTools/usr/bin/make  -f CMakeFiles/cmTC_b1c90.dir/build.make CMakeFiles/cmTC_b1c90.dir/build
Building C object CMakeFiles/cmTC_b1c90.dir/src.c.o
/Library/Developer/CommandLineTools/usr/bin/cc -DIconv_IS_BUILT_IN  -fsigned-char -W -Wall -Werror=return-type -Werror=non-virtual-dtor -Werror=address -Werror=sequence-point -Wformat -Werror=format-security -Wmissing-declarations -Wmissing-prototypes -Wstrict-prototypes -Wundef -Winit-self -Wpointer-arith -Wshadow -Wsign-promo -Wuninitialized -Wno-delete-non-virtual-dtor -Wno-unnamed-type-template-args -Wno-comment -fdiagnostics-show-option -Wno-long-long -Qunused-arguments -Wno-semicolon-before-method-body -ffunction-sections -fdata-sections  -fvisibility=hidden -fvisibility-inlines-hidden  -O3 -DNDEBUG  -DNDEBUG -isysroot /Library/Developer/CommandLineTools/SDKs/MacOSX11.0.sdk -fPIE -MD -MT CMakeFiles/cmTC_b1c90.dir/src.c.o -MF CMakeFiles/cmTC_b1c90.dir/src.c.o.d -o CMakeFiles/cmTC_b1c90.dir/src.c.o -c /Users/felixjeskoparies/C++/CapstoneProject/CppND-Capstone/opencv/build_opencv/CMakeFiles/CMakeTmp/src.c
Linking C executable cmTC_b1c90
/Applications/CMake.app/Contents/bin/cmake -E cmake_link_script CMakeFiles/cmTC_b1c90.dir/link.txt --verbose=1
/Library/Developer/CommandLineTools/usr/bin/cc    -fsigned-char -W -Wall -Werror=return-type -Werror=non-virtual-dtor -Werror=address -Werror=sequence-point -Wformat -Werror=format-security -Wmissing-declarations -Wmissing-prototypes -Wstrict-prototypes -Wundef -Winit-self -Wpointer-arith -Wshadow -Wsign-promo -Wuninitialized -Wno-delete-non-virtual-dtor -Wno-unnamed-type-template-args -Wno-comment -fdiagnostics-show-option -Wno-long-long -Qunused-arguments -Wno-semicolon-before-method-body -ffunction-sections -fdata-sections  -fvisibility=hidden -fvisibility-inlines-hidden  -O3 -DNDEBUG  -DNDEBUG -isysroot /Library/Developer/CommandLineTools/SDKs/MacOSX11.0.sdk -Wl,-search_paths_first -Wl,-headerpad_max_install_names   -Wl,-dead_strip  CMakeFiles/cmTC_b1c90.dir/src.c.o -o cmTC_b1c90 
Undefined symbols for architecture x86_64:
  "_iconv_open", referenced from:
      _main in src.c.o
  "_iconv", referenced from:
      _main in src.c.o
  "_iconv_close", referenced from:
      _main in src.c.o
ld: symbol(s) not found for architecture x86_64
clang: error: linker command failed with exit code 1 (use -v to see invocation)
make[1]: *** [cmTC_b1c90] Error 1
make: *** [cmTC_b1c90/fast] Error 2


Source file was:

      #include <stddef.h>
      #include <iconv.h>
      int main() {
        char *a, *b;
        size_t i, j;
        iconv_t ic;
        ic = iconv_open("to", "from");
        iconv(ic, &a, &i, &b, &j);
        iconv_close(ic);
      }
      
Build output check failed:
    Regex: 'unknown .*option'
    Output line: 'warning: unknown warning option '-Wno-unused-but-set-variable', did you mean '-Wno-unused-const-variable'? [-Wunknown-warning-option]'
Compilation failed:
    source file: '/Users/felixjeskoparies/C++/CapstoneProject/CppND-Capstone/opencv/build_opencv/CMakeFiles/CMakeTmp/src.cxx'
    check option: ' -Wno-unused-but-set-variable'
===== BUILD LOG =====
Change Dir: /Users/felixjeskoparies/C++/CapstoneProject/CppND-Capstone/opencv/build_opencv/CMakeFiles/CMakeTmp

Run Build Command(s):/usr/bin/make -f Makefile cmTC_7a059/fast && /Library/Developer/CommandLineTools/usr/bin/make  -f CMakeFiles/cmTC_7a059.dir/build.make CMakeFiles/cmTC_7a059.dir/build
Building CXX object CMakeFiles/cmTC_7a059.dir/src.cxx.o
/Library/Developer/CommandLineTools/usr/bin/c++   -fsigned-char -W -Wall -Werror=return-type -Werror=non-virtual-dtor -Werror=address -Werror=sequence-point -Wformat -Werror=format-security -Wmissing-prototypes -Wstrict-prototypes -Winit-self -Wpointer-arith -Wsign-promo -Wuninitialized -Wno-delete-non-virtual-dtor -Wno-unnamed-type-template-args -Wno-comment -fdiagnostics-show-option -Wno-long-long -Qunused-arguments -Wno-semicolon-before-method-body -ffunction-sections -fdata-sections  -fvisibility=hidden -fvisibility-inlines-hidden -Wno-undef -Wno-shadow -Wno-sign-compare -Wno-missing-declarations  -O3 -DNDEBUG  -DNDEBUG -isysroot /Library/Developer/CommandLineTools/SDKs/MacOSX11.0.sdk -fPIE    -Wno-unused-but-set-variable -std=c++11 -MD -MT CMakeFiles/cmTC_7a059.dir/src.cxx.o -MF CMakeFiles/cmTC_7a059.dir/src.cxx.o.d -o CMakeFiles/cmTC_7a059.dir/src.cxx.o -c /Users/felixjeskoparies/C++/CapstoneProject/CppND-Capstone/opencv/build_opencv/CMakeFiles/CMakeTmp/src.cxx
warning: unknown warning option '-Wno-unused-but-set-variable'; did you mean '-Wno-unused-const-variable'? [-Wunknown-warning-option]
/Users/felixjeskoparies/C++/CapstoneProject/CppND-Capstone/opencv/build_opencv/CMakeFiles/CMakeTmp/src.cxx:1:8: warning: unknown pragma ignored [-Wunknown-pragmas]
#pragma
       ^
2 warnings generated.
Linking CXX executable cmTC_7a059
/Applications/CMake.app/Contents/bin/cmake -E cmake_link_script CMakeFiles/cmTC_7a059.dir/link.txt --verbose=1
/Library/Developer/CommandLineTools/usr/bin/c++    -fsigned-char -W -Wall -Werror=return-type -Werror=non-virtual-dtor -Werror=address -Werror=sequence-point -Wformat -Werror=format-security -Wmissing-prototypes -Wstrict-prototypes -Winit-self -Wpointer-arith -Wsign-promo -Wuninitialized -Wno-delete-non-virtual-dtor -Wno-unnamed-type-template-args -Wno-comment -fdiagnostics-show-option -Wno-long-long -Qunused-arguments -Wno-semicolon-before-method-body -ffunction-sections -fdata-sections  -fvisibility=hidden -fvisibility-inlines-hidden -Wno-undef -Wno-shadow -Wno-sign-compare -Wno-missing-declarations  -O3 -DNDEBUG  -DNDEBUG -isysroot /Library/Developer/CommandLineTools/SDKs/MacOSX11.0.sdk -Wl,-search_paths_first -Wl,-headerpad_max_install_names   -Wl,-dead_strip  CMakeFiles/cmTC_7a059.dir/src.cxx.o -o cmTC_7a059 


===== END =====

Build output check failed:
    Regex: 'unknown .*option'
    Output line: 'warning: unknown warning option '-Wno-deprecated-copy', did you mean '-Wno-deprecated'? [-Wunknown-warning-option]'
Compilation failed:
    source file: '/Users/felixjeskoparies/C++/CapstoneProject/CppND-Capstone/opencv/build_opencv/CMakeFiles/CMakeTmp/src.cxx'
    check option: ' -Wno-deprecated-copy'
===== BUILD LOG =====
Change Dir: /Users/felixjeskoparies/C++/CapstoneProject/CppND-Capstone/opencv/build_opencv/CMakeFiles/CMakeTmp

Run Build Command(s):/usr/bin/make -f Makefile cmTC_fd82f/fast && /Library/Developer/CommandLineTools/usr/bin/make  -f CMakeFiles/cmTC_fd82f.dir/build.make CMakeFiles/cmTC_fd82f.dir/build
Building CXX object CMakeFiles/cmTC_fd82f.dir/src.cxx.o
/Library/Developer/CommandLineTools/usr/bin/c++   -fsigned-char -W -Wall -Werror=return-type -Werror=non-virtual-dtor -Werror=address -Werror=sequence-point -Wformat -Werror=format-security -Wmissing-prototypes -Wstrict-prototypes -Winit-self -Wpointer-arith -Wsign-promo -Wuninitialized -Wno-delete-non-virtual-dtor -Wno-unnamed-type-template-args -Wno-comment -fdiagnostics-show-option -Wno-long-long -Qunused-arguments -Wno-semicolon-before-method-body -ffunction-sections -fdata-sections  -fvisibility=hidden -fvisibility-inlines-hidden -Wno-undef -Wno-shadow -Wno-sign-compare -Wno-missing-declarations -Wno-unused-parameter -Wno-unused-function -Wno-inconsistent-missing-override  -O3 -DNDEBUG  -DNDEBUG -isysroot /Library/Developer/CommandLineTools/SDKs/MacOSX11.0.sdk -fPIE    -Wno-deprecated-copy -std=c++11 -MD -MT CMakeFiles/cmTC_fd82f.dir/src.cxx.o -MF CMakeFiles/cmTC_fd82f.dir/src.cxx.o.d -o CMakeFiles/cmTC_fd82f.dir/src.cxx.o -c /Users/felixjeskoparies/C++/CapstoneProject/CppND-Capstone/opencv/build_opencv/CMakeFiles/CMakeTmp/src.cxx
warning: unknown warning option '-Wno-deprecated-copy'; did you mean '-Wno-deprecated'? [-Wunknown-warning-option]
/Users/felixjeskoparies/C++/CapstoneProject/CppND-Capstone/opencv/build_opencv/CMakeFiles/CMakeTmp/src.cxx:1:8: warning: unknown pragma ignored [-Wunknown-pragmas]
#pragma
       ^
2 warnings generated.
Linking CXX executable cmTC_fd82f
/Applications/CMake.app/Contents/bin/cmake -E cmake_link_script CMakeFiles/cmTC_fd82f.dir/link.txt --verbose=1
/Library/Developer/CommandLineTools/usr/bin/c++    -fsigned-char -W -Wall -Werror=return-type -Werror=non-virtual-dtor -Werror=address -Werror=sequence-point -Wformat -Werror=format-security -Wmissing-prototypes -Wstrict-prototypes -Winit-self -Wpointer-arith -Wsign-promo -Wuninitialized -Wno-delete-non-virtual-dtor -Wno-unnamed-type-template-args -Wno-comment -fdiagnostics-show-option -Wno-long-long -Qunused-arguments -Wno-semicolon-before-method-body -ffunction-sections -fdata-sections  -fvisibility=hidden -fvisibility-inlines-hidden -Wno-undef -Wno-shadow -Wno-sign-compare -Wno-missing-declarations -Wno-unused-parameter -Wno-unused-function -Wno-inconsistent-missing-override  -O3 -DNDEBUG  -DNDEBUG -isysroot /Library/Developer/CommandLineTools/SDKs/MacOSX11.0.sdk -Wl,-search_paths_first -Wl,-headerpad_max_install_names   -Wl,-dead_strip  CMakeFiles/cmTC_fd82f.dir/src.cxx.o -o cmTC_fd82f 


===== END =====

Determining if the CL_VERSION_2_2 exist failed with the following output:
Change Dir: /Users/felixjeskoparies/C++/CapstoneProject/CppND-Capstone/opencv/build_opencv/CMakeFiles/CMakeTmp

Run Build Command(s):/usr/bin/make -f Makefile cmTC_349b0/fast && /Library/Developer/CommandLineTools/usr/bin/make  -f CMakeFiles/cmTC_349b0.dir/build.make CMakeFiles/cmTC_349b0.dir/build
Building C object CMakeFiles/cmTC_349b0.dir/CheckSymbolExists.c.o
/Library/Developer/CommandLineTools/usr/bin/cc  -F/Library/Developer/CommandLineTools/SDKs/MacOSX11.0.sdk/System/Library/Frameworks -fsigned-char -W -Wall -Werror=return-type -Werror=non-virtual-dtor -Werror=address -Werror=sequence-point -Wformat -Werror=format-security -Wmissing-declarations -Wmissing-prototypes -Wstrict-prototypes -Wundef -Winit-self -Wpointer-arith -Wshadow -Wsign-promo -Wuninitialized -Wno-delete-non-virtual-dtor -Wno-unnamed-type-template-args -Wno-comment -fdiagnostics-show-option -Wno-long-long -Qunused-arguments -Wno-semicolon-before-method-body -ffunction-sections -fdata-sections  -fvisibility=hidden -fvisibility-inlines-hidden  -O3 -DNDEBUG  -DNDEBUG -isysroot /Library/Developer/CommandLineTools/SDKs/MacOSX11.0.sdk -fPIE -MD -MT CMakeFiles/cmTC_349b0.dir/CheckSymbolExists.c.o -MF CMakeFiles/cmTC_349b0.dir/CheckSymbolExists.c.o.d -o CMakeFiles/cmTC_349b0.dir/CheckSymbolExists.c.o -c /Users/felixjeskoparies/C++/CapstoneProject/CppND-Capstone/opencv/build_opencv/CMakeFiles/CMakeTmp/CheckSymbolExists.c
/Users/felixjeskoparies/C++/CapstoneProject/CppND-Capstone/opencv/build_opencv/CMakeFiles/CMakeTmp/CheckSymbolExists.c:8:19: error: use of undeclared identifier 'CL_VERSION_2_2'
  return ((int*)(&CL_VERSION_2_2))[argc];
                  ^
1 error generated.
make[1]: *** [CMakeFiles/cmTC_349b0.dir/CheckSymbolExists.c.o] Error 1
make: *** [cmTC_349b0/fast] Error 2


File /Users/felixjeskoparies/C++/CapstoneProject/CppND-Capstone/opencv/build_opencv/CMakeFiles/CMakeTmp/CheckSymbolExists.c:
/* */
#include </Library/Developer/CommandLineTools/SDKs/MacOSX11.0.sdk/System/Library/Frameworks/OpenCL.framework/Headers/cl.h>

int main(int argc, char** argv)
{
  (void)argv;
#ifndef CL_VERSION_2_2
  return ((int*)(&CL_VERSION_2_2))[argc];
#else
  (void)argc;
  return 0;
#endif
}
Determining if the CL_VERSION_2_1 exist failed with the following output:
Change Dir: /Users/felixjeskoparies/C++/CapstoneProject/CppND-Capstone/opencv/build_opencv/CMakeFiles/CMakeTmp

Run Build Command(s):/usr/bin/make -f Makefile cmTC_f04b2/fast && /Library/Developer/CommandLineTools/usr/bin/make  -f CMakeFiles/cmTC_f04b2.dir/build.make CMakeFiles/cmTC_f04b2.dir/build
Building C object CMakeFiles/cmTC_f04b2.dir/CheckSymbolExists.c.o
/Library/Developer/CommandLineTools/usr/bin/cc  -F/Library/Developer/CommandLineTools/SDKs/MacOSX11.0.sdk/System/Library/Frameworks -fsigned-char -W -Wall -Werror=return-type -Werror=non-virtual-dtor -Werror=address -Werror=sequence-point -Wformat -Werror=format-security -Wmissing-declarations -Wmissing-prototypes -Wstrict-prototypes -Wundef -Winit-self -Wpointer-arith -Wshadow -Wsign-promo -Wuninitialized -Wno-delete-non-virtual-dtor -Wno-unnamed-type-template-args -Wno-comment -fdiagnostics-show-option -Wno-long-long -Qunused-arguments -Wno-semicolon-before-method-body -ffunction-sections -fdata-sections  -fvisibility=hidden -fvisibility-inlines-hidden  -O3 -DNDEBUG  -DNDEBUG -isysroot /Library/Developer/CommandLineTools/SDKs/MacOSX11.0.sdk -fPIE -MD -MT CMakeFiles/cmTC_f04b2.dir/CheckSymbolExists.c.o -MF CMakeFiles/cmTC_f04b2.dir/CheckSymbolExists.c.o.d -o CMakeFiles/cmTC_f04b2.dir/CheckSymbolExists.c.o -c /Users/felixjeskoparies/C++/CapstoneProject/CppND-Capstone/opencv/build_opencv/CMakeFiles/CMakeTmp/CheckSymbolExists.c
/Users/felixjeskoparies/C++/CapstoneProject/CppND-Capstone/opencv/build_opencv/CMakeFiles/CMakeTmp/CheckSymbolExists.c:8:19: error: use of undeclared identifier 'CL_VERSION_2_1'
  return ((int*)(&CL_VERSION_2_1))[argc];
                  ^
1 error generated.
make[1]: *** [CMakeFiles/cmTC_f04b2.dir/CheckSymbolExists.c.o] Error 1
make: *** [cmTC_f04b2/fast] Error 2


File /Users/felixjeskoparies/C++/CapstoneProject/CppND-Capstone/opencv/build_opencv/CMakeFiles/CMakeTmp/CheckSymbolExists.c:
/* */
#include </Library/Developer/CommandLineTools/SDKs/MacOSX11.0.sdk/System/Library/Frameworks/OpenCL.framework/Headers/cl.h>

int main(int argc, char** argv)
{
  (void)argv;
#ifndef CL_VERSION_2_1
  return ((int*)(&CL_VERSION_2_1))[argc];
#else
  (void)argc;
  return 0;
#endif
}
Determining if the CL_VERSION_2_0 exist failed with the following output:
Change Dir: /Users/felixjeskoparies/C++/CapstoneProject/CppND-Capstone/opencv/build_opencv/CMakeFiles/CMakeTmp

Run Build Command(s):/usr/bin/make -f Makefile cmTC_bd5fb/fast && /Library/Developer/CommandLineTools/usr/bin/make  -f CMakeFiles/cmTC_bd5fb.dir/build.make CMakeFiles/cmTC_bd5fb.dir/build
Building C object CMakeFiles/cmTC_bd5fb.dir/CheckSymbolExists.c.o
/Library/Developer/CommandLineTools/usr/bin/cc  -F/Library/Developer/CommandLineTools/SDKs/MacOSX11.0.sdk/System/Library/Frameworks -fsigned-char -W -Wall -Werror=return-type -Werror=non-virtual-dtor -Werror=address -Werror=sequence-point -Wformat -Werror=format-security -Wmissing-declarations -Wmissing-prototypes -Wstrict-prototypes -Wundef -Winit-self -Wpointer-arith -Wshadow -Wsign-promo -Wuninitialized -Wno-delete-non-virtual-dtor -Wno-unnamed-type-template-args -Wno-comment -fdiagnostics-show-option -Wno-long-long -Qunused-arguments -Wno-semicolon-before-method-body -ffunction-sections -fdata-sections  -fvisibility=hidden -fvisibility-inlines-hidden  -O3 -DNDEBUG  -DNDEBUG -isysroot /Library/Developer/CommandLineTools/SDKs/MacOSX11.0.sdk -fPIE -MD -MT CMakeFiles/cmTC_bd5fb.dir/CheckSymbolExists.c.o -MF CMakeFiles/cmTC_bd5fb.dir/CheckSymbolExists.c.o.d -o CMakeFiles/cmTC_bd5fb.dir/CheckSymbolExists.c.o -c /Users/felixjeskoparies/C++/CapstoneProject/CppND-Capstone/opencv/build_opencv/CMakeFiles/CMakeTmp/CheckSymbolExists.c
/Users/felixjeskoparies/C++/CapstoneProject/CppND-Capstone/opencv/build_opencv/CMakeFiles/CMakeTmp/CheckSymbolExists.c:8:19: error: use of undeclared identifier 'CL_VERSION_2_0'
  return ((int*)(&CL_VERSION_2_0))[argc];
                  ^
1 error generated.
make[1]: *** [CMakeFiles/cmTC_bd5fb.dir/CheckSymbolExists.c.o] Error 1
make: *** [cmTC_bd5fb/fast] Error 2


File /Users/felixjeskoparies/C++/CapstoneProject/CppND-Capstone/opencv/build_opencv/CMakeFiles/CMakeTmp/CheckSymbolExists.c:
/* */
#include </Library/Developer/CommandLineTools/SDKs/MacOSX11.0.sdk/System/Library/Frameworks/OpenCL.framework/Headers/cl.h>

int main(int argc, char** argv)
{
  (void)argv;
#ifndef CL_VERSION_2_0
  return ((int*)(&CL_VERSION_2_0))[argc];
#else
  (void)argc;
  return 0;
#endif
}
